\BOOKMARK [0][-]{chapter.1}{\376\377\000M\000a\000i\000n\000\040\000P\000a\000g\000e}{}
\BOOKMARK [1][-]{section.1.1}{\376\377\000D\000e\000s\000c\000r\000i\000p\000t\000i\000o\000n}{chapter.1}
\BOOKMARK [1][-]{section.1.2}{\376\377\000D\000e\000p\000e\000n\000d\000a\000n\000c\000e\000s}{chapter.1}
\BOOKMARK [1][-]{section.1.3}{\376\377\000I\000n\000s\000t\000a\000l\000l\000a\000t\000i\000o\000n}{chapter.1}
\BOOKMARK [1][-]{section.1.4}{\376\377\000A\000u\000t\000e\000u\000r}{chapter.1}
\BOOKMARK [0][-]{chapter.2}{\376\377\000A\000n\000\040\000A\000R\000\040\000p\000r\000o\000c\000e\000s\000s}{}
\BOOKMARK [1][-]{section.2.1}{\376\377\000D\000e\000f\000i\000n\000e\000\040\000t\000h\000e\000\040\000A\000R\000\040\000m\000o\000d\000e\000l}{chapter.2}
\BOOKMARK [1][-]{section.2.2}{\376\377\000T\000h\000e\000\040\000m\000a\000i\000n\000\040\000p\000r\000o\000g\000r\000a\000m}{chapter.2}
\BOOKMARK [1][-]{section.2.3}{\376\377\000T\000h\000e\000\040\000C\000M\000a\000k\000e\000L\000i\000s\000t\000.\000t\000x\000t}{chapter.2}
\BOOKMARK [0][-]{chapter.3}{\376\377\000A\000n\000\040\000O\000r\000n\000s\000t\000i\000e\000n\000-\000U\000h\000l\000e\000n\000b\000e\000c\000k\000\040\000p\000r\000o\000c\000e\000s\000s}{}
\BOOKMARK [1][-]{section.3.1}{\376\377\000T\000h\000e\000\040\000m\000a\000i\000n\000\040\000p\000r\000o\000g\000r\000a\000m}{chapter.3}
\BOOKMARK [1][-]{section.3.2}{\376\377\000T\000h\000e\000\040\000C\000M\000a\000k\000e\000L\000i\000s\000t\000.\000t\000x\000t}{chapter.3}
\BOOKMARK [0][-]{chapter.4}{\376\377\000V\000a\000n\000\040\000D\000e\000r\000\040\000P\000o\000l\000\040\000o\000s\000c\000i\000l\000l\000a\000t\000o\000r}{}
\BOOKMARK [0][-]{chapter.5}{\376\377\000T\000e\000r\000r\000a\000i\000n\000\040\000n\000a\000v\000i\000g\000a\000t\000i\000o\000n}{}
\BOOKMARK [0][-]{chapter.6}{\376\377\000C\000l\000a\000s\000s\000\040\000I\000n\000d\000e\000x}{}
\BOOKMARK [1][-]{section.6.1}{\376\377\000C\000l\000a\000s\000s\000\040\000H\000i\000e\000r\000a\000r\000c\000h\000y}{chapter.6}
\BOOKMARK [0][-]{chapter.7}{\376\377\000C\000l\000a\000s\000s\000\040\000I\000n\000d\000e\000x}{}
\BOOKMARK [1][-]{section.7.1}{\376\377\000C\000l\000a\000s\000s\000\040\000L\000i\000s\000t}{chapter.7}
\BOOKMARK [0][-]{chapter.8}{\376\377\000C\000l\000a\000s\000s\000\040\000D\000o\000c\000u\000m\000e\000n\000t\000a\000t\000i\000o\000n}{}
\BOOKMARK [1][-]{section.8.1}{\376\377\000B\000o\000o\000t\000s\000t\000r\000a\000p\000\137\000F\000i\000l\000t\000e\000r\000\040\000C\000l\000a\000s\000s\000\040\000R\000e\000f\000e\000r\000e\000n\000c\000e}{chapter.8}
\BOOKMARK [2][-]{subsection.8.1.1}{\376\377\000C\000o\000n\000s\000t\000r\000u\000c\000t\000o\000r\000\040\000\046\000\040\000D\000e\000s\000t\000r\000u\000c\000t\000o\000r\000\040\000D\000o\000c\000u\000m\000e\000n\000t\000a\000t\000i\000o\000n}{section.8.1}
\BOOKMARK [3][-]{subsubsection.8.1.1.1}{\376\377\000B\000o\000o\000t\000s\000t\000r\000a\000p\000\137\000F\000i\000l\000t\000e\000r}{subsection.8.1.1}
\BOOKMARK [3][-]{subsubsection.8.1.1.2}{\376\377\000B\000o\000o\000t\000s\000t\000r\000a\000p\000\137\000F\000i\000l\000t\000e\000r}{subsection.8.1.1}
\BOOKMARK [3][-]{subsubsection.8.1.1.3}{\376\377\000B\000o\000o\000t\000s\000t\000r\000a\000p\000\137\000F\000i\000l\000t\000e\000r}{subsection.8.1.1}
\BOOKMARK [3][-]{subsubsection.8.1.1.4}{\376\377\000B\000o\000o\000t\000s\000t\000r\000a\000p\000\137\000F\000i\000l\000t\000e\000r}{subsection.8.1.1}
\BOOKMARK [2][-]{subsection.8.1.2}{\376\377\000M\000e\000m\000b\000e\000r\000\040\000D\000a\000t\000a\000\040\000D\000o\000c\000u\000m\000e\000n\000t\000a\000t\000i\000o\000n}{section.8.1}
\BOOKMARK [3][-]{subsubsection.8.1.2.1}{\376\377\000s\000i\000m}{subsection.8.1.2}
\BOOKMARK [1][-]{section.8.2}{\376\377\000B\000o\000o\000t\000s\000t\000r\000a\000p\000\137\000S\000a\000m\000p\000l\000e\000r\000\040\000C\000l\000a\000s\000s\000\040\000R\000e\000f\000e\000r\000e\000n\000c\000e}{chapter.8}
\BOOKMARK [2][-]{subsection.8.2.1}{\376\377\000D\000e\000t\000a\000i\000l\000e\000d\000\040\000D\000e\000s\000c\000r\000i\000p\000t\000i\000o\000n}{section.8.2}
\BOOKMARK [2][-]{subsection.8.2.2}{\376\377\000C\000o\000n\000s\000t\000r\000u\000c\000t\000o\000r\000\040\000\046\000\040\000D\000e\000s\000t\000r\000u\000c\000t\000o\000r\000\040\000D\000o\000c\000u\000m\000e\000n\000t\000a\000t\000i\000o\000n}{section.8.2}
\BOOKMARK [3][-]{subsubsection.8.2.2.1}{\376\377\000B\000o\000o\000t\000s\000t\000r\000a\000p\000\137\000S\000a\000m\000p\000l\000e\000r}{subsection.8.2.2}
\BOOKMARK [3][-]{subsubsection.8.2.2.2}{\376\377\000B\000o\000o\000t\000s\000t\000r\000a\000p\000\137\000S\000a\000m\000p\000l\000e\000r}{subsection.8.2.2}
\BOOKMARK [2][-]{subsection.8.2.3}{\376\377\000M\000e\000m\000b\000e\000r\000\040\000F\000u\000n\000c\000t\000i\000o\000n\000\040\000D\000o\000c\000u\000m\000e\000n\000t\000a\000t\000i\000o\000n}{section.8.2}
\BOOKMARK [3][-]{subsubsection.8.2.3.1}{\376\377\000D\000r\000a\000w}{subsection.8.2.3}
\BOOKMARK [3][-]{subsubsection.8.2.3.2}{\376\377\000D\000r\000a\000w\000I\000n\000i\000t\000C\000l\000o\000u\000d}{subsection.8.2.3}
\BOOKMARK [3][-]{subsubsection.8.2.3.3}{\376\377\000W\000e\000i\000g\000h\000t}{subsection.8.2.3}
\BOOKMARK [1][-]{section.8.3}{\376\377\000C\000D\000\137\000B\000o\000o\000t\000s\000t\000r\000a\000p\000\137\000F\000i\000l\000t\000e\000r\000\040\000C\000l\000a\000s\000s\000\040\000R\000e\000f\000e\000r\000e\000n\000c\000e}{chapter.8}
\BOOKMARK [2][-]{subsection.8.3.1}{\376\377\000C\000o\000n\000s\000t\000r\000u\000c\000t\000o\000r\000\040\000\046\000\040\000D\000e\000s\000t\000r\000u\000c\000t\000o\000r\000\040\000D\000o\000c\000u\000m\000e\000n\000t\000a\000t\000i\000o\000n}{section.8.3}
\BOOKMARK [3][-]{subsubsection.8.3.1.1}{\376\377\000C\000D\000\137\000B\000o\000o\000t\000s\000t\000r\000a\000p\000\137\000F\000i\000l\000t\000e\000r}{subsection.8.3.1}
\BOOKMARK [3][-]{subsubsection.8.3.1.2}{\376\377\000C\000D\000\137\000B\000o\000o\000t\000s\000t\000r\000a\000p\000\137\000F\000i\000l\000t\000e\000r}{subsection.8.3.1}
\BOOKMARK [3][-]{subsubsection.8.3.1.3}{\376\377\000C\000D\000\137\000B\000o\000o\000t\000s\000t\000r\000a\000p\000\137\000F\000i\000l\000t\000e\000r}{subsection.8.3.1}
\BOOKMARK [3][-]{subsubsection.8.3.1.4}{\376\377\000C\000D\000\137\000B\000o\000o\000t\000s\000t\000r\000a\000p\000\137\000F\000i\000l\000t\000e\000r}{subsection.8.3.1}
\BOOKMARK [3][-]{subsubsection.8.3.1.5}{\376\377\000C\000D\000\137\000B\000o\000o\000t\000s\000t\000r\000a\000p\000\137\000F\000i\000l\000t\000e\000r}{subsection.8.3.1}
\BOOKMARK [2][-]{subsection.8.3.2}{\376\377\000M\000e\000m\000b\000e\000r\000\040\000F\000u\000n\000c\000t\000i\000o\000n\000\040\000D\000o\000c\000u\000m\000e\000n\000t\000a\000t\000i\000o\000n}{section.8.3}
\BOOKMARK [3][-]{subsubsection.8.3.2.1}{\376\377\000S\000a\000v\000e\000\137\000X}{subsection.8.3.2}
\BOOKMARK [2][-]{subsection.8.3.3}{\376\377\000M\000e\000m\000b\000e\000r\000\040\000D\000a\000t\000a\000\040\000D\000o\000c\000u\000m\000e\000n\000t\000a\000t\000i\000o\000n}{section.8.3}
\BOOKMARK [3][-]{subsubsection.8.3.3.1}{\376\377\000s\000i\000m}{subsection.8.3.3}
\BOOKMARK [1][-]{section.8.4}{\376\377\000C\000D\000\137\000E\000x\000t\000e\000n\000d\000e\000d\000\137\000K\000a\000l\000m\000a\000n\000\137\000F\000i\000l\000t\000e\000r\000\040\000C\000l\000a\000s\000s\000\040\000R\000e\000f\000e\000r\000e\000n\000c\000e}{chapter.8}
\BOOKMARK [2][-]{subsection.8.4.1}{\376\377\000C\000o\000n\000s\000t\000r\000u\000c\000t\000o\000r\000\040\000\046\000\040\000D\000e\000s\000t\000r\000u\000c\000t\000o\000r\000\040\000D\000o\000c\000u\000m\000e\000n\000t\000a\000t\000i\000o\000n}{section.8.4}
\BOOKMARK [3][-]{subsubsection.8.4.1.1}{\376\377\000C\000D\000\137\000E\000x\000t\000e\000n\000d\000e\000d\000\137\000K\000a\000l\000m\000a\000n\000\137\000F\000i\000l\000t\000e\000r}{subsection.8.4.1}
\BOOKMARK [3][-]{subsubsection.8.4.1.2}{\376\377\000C\000D\000\137\000E\000x\000t\000e\000n\000d\000e\000d\000\137\000K\000a\000l\000m\000a\000n\000\137\000F\000i\000l\000t\000e\000r}{subsection.8.4.1}
\BOOKMARK [2][-]{subsection.8.4.2}{\376\377\000M\000e\000m\000b\000e\000r\000\040\000F\000u\000n\000c\000t\000i\000o\000n\000\040\000D\000o\000c\000u\000m\000e\000n\000t\000a\000t\000i\000o\000n}{section.8.4}
\BOOKMARK [3][-]{subsubsection.8.4.2.1}{\376\377\000\137\000e\000u\000l\000e\000r\000\137\000p\000r\000e\000d\000i\000c\000t\000i\000o\000n}{subsection.8.4.2}
\BOOKMARK [3][-]{subsubsection.8.4.2.2}{\376\377\000\137\000h\000e\000u\000n\000\137\000\137\000p\000r\000e\000d\000i\000c\000t\000i\000o\000n}{subsection.8.4.2}
\BOOKMARK [3][-]{subsubsection.8.4.2.3}{\376\377\000\137\000r\000k\0004\000\137\000\137\000\137\000p\000r\000e\000d\000i\000c\000t\000i\000o\000n}{subsection.8.4.2}
\BOOKMARK [3][-]{subsubsection.8.4.2.4}{\376\377\000\137\000r\000k\0004\000\137\000\137\000\137\000p\000r\000e\000d\000i\000c\000t\000i\000o\000n\000\137\000F\000M}{subsection.8.4.2}
\BOOKMARK [3][-]{subsubsection.8.4.2.5}{\376\377\000\137\000t\000h\000g\000l\000\137\000\137\000p\000r\000e\000d\000i\000c\000t\000i\000o\000n}{subsection.8.4.2}
\BOOKMARK [3][-]{subsubsection.8.4.2.6}{\376\377\000\137\000u\000p\000d\000a\000t\000e}{subsection.8.4.2}
\BOOKMARK [2][-]{subsection.8.4.3}{\376\377\000M\000e\000m\000b\000e\000r\000\040\000D\000a\000t\000a\000\040\000D\000o\000c\000u\000m\000e\000n\000t\000a\000t\000i\000o\000n}{section.8.4}
\BOOKMARK [3][-]{subsubsection.8.4.3.1}{\376\377\000S\000c\000h\000e\000m\000e}{subsection.8.4.3}
\BOOKMARK [1][-]{section.8.5}{\376\377\000C\000D\000\137\000F\000i\000l\000t\000e\000r\000\040\000C\000l\000a\000s\000s\000\040\000R\000e\000f\000e\000r\000e\000n\000c\000e}{chapter.8}
\BOOKMARK [2][-]{subsection.8.5.1}{\376\377\000D\000e\000t\000a\000i\000l\000e\000d\000\040\000D\000e\000s\000c\000r\000i\000p\000t\000i\000o\000n}{section.8.5}
\BOOKMARK [2][-]{subsection.8.5.2}{\376\377\000C\000o\000n\000s\000t\000r\000u\000c\000t\000o\000r\000\040\000\046\000\040\000D\000e\000s\000t\000r\000u\000c\000t\000o\000r\000\040\000D\000o\000c\000u\000m\000e\000n\000t\000a\000t\000i\000o\000n}{section.8.5}
\BOOKMARK [3][-]{subsubsection.8.5.2.1}{\376\377\000C\000D\000\137\000F\000i\000l\000t\000e\000r}{subsection.8.5.2}
\BOOKMARK [3][-]{subsubsection.8.5.2.2}{\376\377\000C\000D\000\137\000F\000i\000l\000t\000e\000r}{subsection.8.5.2}
\BOOKMARK [2][-]{subsection.8.5.3}{\376\377\000M\000e\000m\000b\000e\000r\000\040\000F\000u\000n\000c\000t\000i\000o\000n\000\040\000D\000o\000c\000u\000m\000e\000n\000t\000a\000t\000i\000o\000n}{section.8.5}
\BOOKMARK [3][-]{subsubsection.8.5.3.1}{\376\377\000\137\000i\000n\000i\000t}{subsection.8.5.3}
\BOOKMARK [3][-]{subsubsection.8.5.3.2}{\376\377\000E\000x\000p\000e\000c\000t\000e\000d\000\137\000G\000e\000t}{subsection.8.5.3}
\BOOKMARK [3][-]{subsubsection.8.5.3.3}{\376\377\000S\000a\000v\000e\000\137\000X}{subsection.8.5.3}
\BOOKMARK [2][-]{subsection.8.5.4}{\376\377\000M\000e\000m\000b\000e\000r\000\040\000D\000a\000t\000a\000\040\000D\000o\000c\000u\000m\000e\000n\000t\000a\000t\000i\000o\000n}{section.8.5}
\BOOKMARK [3][-]{subsubsection.8.5.4.1}{\376\377\000M}{subsection.8.5.4}
\BOOKMARK [3][-]{subsubsection.8.5.4.2}{\376\377\000R}{subsection.8.5.4}
\BOOKMARK [3][-]{subsubsection.8.5.4.3}{\376\377\000R\000p}{subsection.8.5.4}
\BOOKMARK [3][-]{subsubsection.8.5.4.4}{\376\377\000X\000p}{subsection.8.5.4}
\BOOKMARK [1][-]{section.8.6}{\376\377\000C\000D\000\137\000K\000a\000l\000m\000a\000n\000\040\000C\000l\000a\000s\000s\000\040\000R\000e\000f\000e\000r\000e\000n\000c\000e}{chapter.8}
\BOOKMARK [2][-]{subsection.8.6.1}{\376\377\000D\000e\000t\000a\000i\000l\000e\000d\000\040\000D\000e\000s\000c\000r\000i\000p\000t\000i\000o\000n}{section.8.6}
\BOOKMARK [2][-]{subsection.8.6.2}{\376\377\000C\000o\000n\000s\000t\000r\000u\000c\000t\000o\000r\000\040\000\046\000\040\000D\000e\000s\000t\000r\000u\000c\000t\000o\000r\000\040\000D\000o\000c\000u\000m\000e\000n\000t\000a\000t\000i\000o\000n}{section.8.6}
\BOOKMARK [3][-]{subsubsection.8.6.2.1}{\376\377\000C\000D\000\137\000K\000a\000l\000m\000a\000n}{subsection.8.6.2}
\BOOKMARK [3][-]{subsubsection.8.6.2.2}{\376\377\000C\000D\000\137\000K\000a\000l\000m\000a\000n}{subsection.8.6.2}
\BOOKMARK [2][-]{subsection.8.6.3}{\376\377\000M\000e\000m\000b\000e\000r\000\040\000F\000u\000n\000c\000t\000i\000o\000n\000\040\000D\000o\000c\000u\000m\000e\000n\000t\000a\000t\000i\000o\000n}{section.8.6}
\BOOKMARK [3][-]{subsubsection.8.6.3.1}{\376\377\000\137\000u\000p\000d\000a\000t\000e}{subsection.8.6.3}
\BOOKMARK [1][-]{section.8.7}{\376\377\000C\000D\000\137\000S\000i\000m\000u\000l\000a\000t\000o\000r\000\040\000C\000l\000a\000s\000s\000\040\000R\000e\000f\000e\000r\000e\000n\000c\000e}{chapter.8}
\BOOKMARK [2][-]{subsection.8.7.1}{\376\377\000C\000o\000n\000s\000t\000r\000u\000c\000t\000o\000r\000\040\000\046\000\040\000D\000e\000s\000t\000r\000u\000c\000t\000o\000r\000\040\000D\000o\000c\000u\000m\000e\000n\000t\000a\000t\000i\000o\000n}{section.8.7}
\BOOKMARK [3][-]{subsubsection.8.7.1.1}{\376\377\000C\000D\000\137\000S\000i\000m\000u\000l\000a\000t\000o\000r}{subsection.8.7.1}
\BOOKMARK [3][-]{subsubsection.8.7.1.2}{\376\377\000C\000D\000\137\000S\000i\000m\000u\000l\000a\000t\000o\000r}{subsection.8.7.1}
\BOOKMARK [2][-]{subsection.8.7.2}{\376\377\000M\000e\000m\000b\000e\000r\000\040\000F\000u\000n\000c\000t\000i\000o\000n\000\040\000D\000o\000c\000u\000m\000e\000n\000t\000a\000t\000i\000o\000n}{section.8.7}
\BOOKMARK [3][-]{subsubsection.8.7.2.1}{\376\377\000\137\000u\000p\000d\000a\000t\000e}{subsection.8.7.2}
\BOOKMARK [3][-]{subsubsection.8.7.2.2}{\376\377\000D\000r\000a\000w\000\137\000I\000n\000i\000t}{subsection.8.7.2}
\BOOKMARK [3][-]{subsubsection.8.7.2.3}{\376\377\000D\000r\000a\000w\000\137\000O\000b\000s\000e\000r\000v\000a\000t\000i\000o\000n}{subsection.8.7.2}
\BOOKMARK [3][-]{subsubsection.8.7.2.4}{\376\377\000d\000r\000a\000w\000\137\000s\000t\000a\000t\000e}{subsection.8.7.2}
\BOOKMARK [3][-]{subsubsection.8.7.2.5}{\376\377\000D\000r\000a\000w\000\137\000T\000r\000a\000n\000s\000i\000t\000i\000o\000n}{subsection.8.7.2}
\BOOKMARK [3][-]{subsubsection.8.7.2.6}{\376\377\000O\000b\000s\000e\000r\000v\000a\000t\000i\000o\000n\000\137\000D\000e\000n\000s\000i\000t\000y}{subsection.8.7.2}
\BOOKMARK [3][-]{subsubsection.8.7.2.7}{\376\377\000S\000a\000v\000e\000\137\000X}{subsection.8.7.2}
\BOOKMARK [3][-]{subsubsection.8.7.2.8}{\376\377\000S\000a\000v\000e\000\137\000Y}{subsection.8.7.2}
\BOOKMARK [3][-]{subsubsection.8.7.2.9}{\376\377\000S\000e\000t\000\137\000A\000l\000p\000h\000a}{subsection.8.7.2}
\BOOKMARK [3][-]{subsubsection.8.7.2.10}{\376\377\000S\000i\000m\000u\000l\000a\000t\000e}{subsection.8.7.2}
\BOOKMARK [2][-]{subsection.8.7.3}{\376\377\000M\000e\000m\000b\000e\000r\000\040\000D\000a\000t\000a\000\040\000D\000o\000c\000u\000m\000e\000n\000t\000a\000t\000i\000o\000n}{section.8.7}
\BOOKMARK [3][-]{subsubsection.8.7.3.1}{\376\377\000\137\000a}{subsection.8.7.3}
\BOOKMARK [3][-]{subsubsection.8.7.3.2}{\376\377\000D\000x}{subsection.8.7.3}
\BOOKMARK [3][-]{subsubsection.8.7.3.3}{\376\377\000D\000y}{subsection.8.7.3}
\BOOKMARK [3][-]{subsubsection.8.7.3.4}{\376\377\000s\000c\000h\000e\000m\000e}{subsection.8.7.3}
\BOOKMARK [1][-]{section.8.8}{\376\377\000C\000D\000\137\000S\000i\000m\000u\000l\000a\000t\000o\000r\000\137\000W\000T\000\040\000C\000l\000a\000s\000s\000\040\000R\000e\000f\000e\000r\000e\000n\000c\000e}{chapter.8}
\BOOKMARK [2][-]{subsection.8.8.1}{\376\377\000C\000o\000n\000s\000t\000r\000u\000c\000t\000o\000r\000\040\000\046\000\040\000D\000e\000s\000t\000r\000u\000c\000t\000o\000r\000\040\000D\000o\000c\000u\000m\000e\000n\000t\000a\000t\000i\000o\000n}{section.8.8}
\BOOKMARK [3][-]{subsubsection.8.8.1.1}{\376\377\000C\000D\000\137\000S\000i\000m\000u\000l\000a\000t\000o\000r\000\137\000W\000T}{subsection.8.8.1}
\BOOKMARK [3][-]{subsubsection.8.8.1.2}{\376\377\000C\000D\000\137\000S\000i\000m\000u\000l\000a\000t\000o\000r\000\137\000W\000T}{subsection.8.8.1}
\BOOKMARK [2][-]{subsection.8.8.2}{\376\377\000M\000e\000m\000b\000e\000r\000\040\000F\000u\000n\000c\000t\000i\000o\000n\000\040\000D\000o\000c\000u\000m\000e\000n\000t\000a\000t\000i\000o\000n}{section.8.8}
\BOOKMARK [3][-]{subsubsection.8.8.2.1}{\376\377\000D\000r\000a\000w\000\137\000I\000n\000i\000t}{subsection.8.8.2}
\BOOKMARK [2][-]{subsection.8.8.3}{\376\377\000M\000e\000m\000b\000e\000r\000\040\000D\000a\000t\000a\000\040\000D\000o\000c\000u\000m\000e\000n\000t\000a\000t\000i\000o\000n}{section.8.8}
\BOOKMARK [3][-]{subsubsection.8.8.3.1}{\376\377\000T}{subsection.8.8.3}
\BOOKMARK [3][-]{subsubsection.8.8.3.2}{\376\377\000T\000B}{subsection.8.8.3}
\BOOKMARK [3][-]{subsubsection.8.8.3.3}{\376\377\000X\000t}{subsection.8.8.3}
\BOOKMARK [1][-]{section.8.9}{\376\377\000C\000o\000n\000t\000i\000n\000u\000o\000u\000s\000\137\000D\000i\000s\000c\000r\000e\000t\000e\000\137\000M\000o\000d\000e\000l\000\040\000C\000l\000a\000s\000s\000\040\000R\000e\000f\000e\000r\000e\000n\000c\000e}{chapter.8}
\BOOKMARK [2][-]{subsection.8.9.1}{\376\377\000D\000e\000t\000a\000i\000l\000e\000d\000\040\000D\000e\000s\000c\000r\000i\000p\000t\000i\000o\000n}{section.8.9}
\BOOKMARK [2][-]{subsection.8.9.2}{\376\377\000C\000o\000n\000s\000t\000r\000u\000c\000t\000o\000r\000\040\000\046\000\040\000D\000e\000s\000t\000r\000u\000c\000t\000o\000r\000\040\000D\000o\000c\000u\000m\000e\000n\000t\000a\000t\000i\000o\000n}{section.8.9}
\BOOKMARK [3][-]{subsubsection.8.9.2.1}{\376\377\000C\000o\000n\000t\000i\000n\000u\000o\000u\000s\000\137\000D\000i\000s\000c\000r\000e\000t\000e\000\137\000M\000o\000d\000e\000l}{subsection.8.9.2}
\BOOKMARK [3][-]{subsubsection.8.9.2.2}{\376\377\000C\000o\000n\000t\000i\000n\000u\000o\000u\000s\000\137\000D\000i\000s\000c\000r\000e\000t\000e\000\137\000M\000o\000d\000e\000l}{subsection.8.9.2}
\BOOKMARK [2][-]{subsection.8.9.3}{\376\377\000M\000e\000m\000b\000e\000r\000\040\000F\000u\000n\000c\000t\000i\000o\000n\000\040\000D\000o\000c\000u\000m\000e\000n\000t\000a\000t\000i\000o\000n}{section.8.9}
\BOOKMARK [3][-]{subsubsection.8.9.3.1}{\376\377\000D\000i\000f\000f\000u\000s\000i\000o\000n\000\137\000F\000u\000n\000c\000t\000i\000o\000n}{subsection.8.9.3}
\BOOKMARK [3][-]{subsubsection.8.9.3.2}{\376\377\000D\000r\000i\000f\000t\000\137\000F\000u\000n\000c\000t\000i\000o\000n}{subsection.8.9.3}
\BOOKMARK [3][-]{subsubsection.8.9.3.3}{\376\377\000I\000n\000i\000t}{subsection.8.9.3}
\BOOKMARK [3][-]{subsubsection.8.9.3.4}{\376\377\000J\000\137\000D\000r\000i\000f\000t\000\137\000F\000u\000n\000c\000t\000i\000o\000n}{subsection.8.9.3}
\BOOKMARK [2][-]{subsection.8.9.4}{\376\377\000M\000e\000m\000b\000e\000r\000\040\000D\000a\000t\000a\000\040\000D\000o\000c\000u\000m\000e\000n\000t\000a\000t\000i\000o\000n}{section.8.9}
\BOOKMARK [3][-]{subsubsection.8.9.4.1}{\376\377\000T\000s}{subsection.8.9.4}
\BOOKMARK [1][-]{section.8.10}{\376\377\000D\000D\000\137\000K\000a\000l\000m\000a\000n\000\040\000C\000l\000a\000s\000s\000\040\000R\000e\000f\000e\000r\000e\000n\000c\000e}{chapter.8}
\BOOKMARK [2][-]{subsection.8.10.1}{\376\377\000D\000e\000t\000a\000i\000l\000e\000d\000\040\000D\000e\000s\000c\000r\000i\000p\000t\000i\000o\000n}{section.8.10}
\BOOKMARK [2][-]{subsection.8.10.2}{\376\377\000C\000o\000n\000s\000t\000r\000u\000c\000t\000o\000r\000\040\000\046\000\040\000D\000e\000s\000t\000r\000u\000c\000t\000o\000r\000\040\000D\000o\000c\000u\000m\000e\000n\000t\000a\000t\000i\000o\000n}{section.8.10}
\BOOKMARK [3][-]{subsubsection.8.10.2.1}{\376\377\000D\000D\000\137\000K\000a\000l\000m\000a\000n}{subsection.8.10.2}
\BOOKMARK [3][-]{subsubsection.8.10.2.2}{\376\377\000D\000D\000\137\000K\000a\000l\000m\000a\000n}{subsection.8.10.2}
\BOOKMARK [2][-]{subsection.8.10.3}{\376\377\000M\000e\000m\000b\000e\000r\000\040\000F\000u\000n\000c\000t\000i\000o\000n\000\040\000D\000o\000c\000u\000m\000e\000n\000t\000a\000t\000i\000o\000n}{section.8.10}
\BOOKMARK [3][-]{subsubsection.8.10.3.1}{\376\377\000\137\000u\000p\000d\000a\000t\000e}{subsection.8.10.3}
\BOOKMARK [1][-]{section.8.11}{\376\377\000D\000i\000s\000c\000r\000e\000t\000e\000\137\000A\000p\000p\000r\000o\000x\000i\000m\000a\000t\000i\000o\000n\000\137\000C\000D\000\137\000M\000o\000d\000e\000l\000\040\000C\000l\000a\000s\000s\000\040\000R\000e\000f\000e\000r\000e\000n\000c\000e}{chapter.8}
\BOOKMARK [2][-]{subsection.8.11.1}{\376\377\000D\000e\000t\000a\000i\000l\000e\000d\000\040\000D\000e\000s\000c\000r\000i\000p\000t\000i\000o\000n}{section.8.11}
\BOOKMARK [2][-]{subsection.8.11.2}{\376\377\000C\000o\000n\000s\000t\000r\000u\000c\000t\000o\000r\000\040\000\046\000\040\000D\000e\000s\000t\000r\000u\000c\000t\000o\000r\000\040\000D\000o\000c\000u\000m\000e\000n\000t\000a\000t\000i\000o\000n}{section.8.11}
\BOOKMARK [3][-]{subsubsection.8.11.2.1}{\376\377\000D\000i\000s\000c\000r\000e\000t\000e\000\137\000A\000p\000p\000r\000o\000x\000i\000m\000a\000t\000i\000o\000n\000\137\000C\000D\000\137\000M\000o\000d\000e\000l}{subsection.8.11.2}
\BOOKMARK [3][-]{subsubsection.8.11.2.2}{\376\377\000D\000i\000s\000c\000r\000e\000t\000e\000\137\000A\000p\000p\000r\000o\000x\000i\000m\000a\000t\000i\000o\000n\000\137\000C\000D\000\137\000M\000o\000d\000e\000l}{subsection.8.11.2}
\BOOKMARK [3][-]{subsubsection.8.11.2.3}{\376\377\000D\000i\000s\000c\000r\000e\000t\000e\000\137\000A\000p\000p\000r\000o\000x\000i\000m\000a\000t\000i\000o\000n\000\137\000C\000D\000\137\000M\000o\000d\000e\000l}{subsection.8.11.2}
\BOOKMARK [3][-]{subsubsection.8.11.2.4}{\376\377\000D\000i\000s\000c\000r\000e\000t\000e\000\137\000A\000p\000p\000r\000o\000x\000i\000m\000a\000t\000i\000o\000n\000\137\000C\000D\000\137\000M\000o\000d\000e\000l}{subsection.8.11.2}
\BOOKMARK [2][-]{subsection.8.11.3}{\376\377\000M\000e\000m\000b\000e\000r\000\040\000F\000u\000n\000c\000t\000i\000o\000n\000\040\000D\000o\000c\000u\000m\000e\000n\000t\000a\000t\000i\000o\000n}{section.8.11}
\BOOKMARK [3][-]{subsubsection.8.11.3.1}{\376\377\000G\000e\000t\000\137\000A\000l\000p\000h\000a}{subsection.8.11.3}
\BOOKMARK [3][-]{subsubsection.8.11.3.2}{\376\377\000G\000e\000t\000\137\000L\000i\000n\000e\000a\000r\000\137\000P\000a\000r\000a\000m\000e\000t\000e\000r\000s}{subsection.8.11.3}
\BOOKMARK [3][-]{subsubsection.8.11.3.3}{\376\377\000G\000e\000t\000\137\000L\000i\000n\000e\000a\000r\000\137\000S\000c\000h\000e\000m\000e}{subsection.8.11.3}
\BOOKMARK [3][-]{subsubsection.8.11.3.4}{\376\377\000I\000n\000i\000t}{subsection.8.11.3}
\BOOKMARK [3][-]{subsubsection.8.11.3.5}{\376\377\000J\000\137\000O\000b\000s\000e\000r\000v\000a\000t\000i\000o\000n\000\137\000F\000u\000n\000c\000t\000i\000o\000n}{subsection.8.11.3}
\BOOKMARK [3][-]{subsubsection.8.11.3.6}{\376\377\000J\000w\000\137\000S\000c\000h\000e\000m\000e}{subsection.8.11.3}
\BOOKMARK [3][-]{subsubsection.8.11.3.7}{\376\377\000J\000w\000\137\000S\000t\000a\000t\000e\000\137\000F\000u\000n\000c\000t\000i\000o\000n}{subsection.8.11.3}
\BOOKMARK [3][-]{subsubsection.8.11.3.8}{\376\377\000J\000x\000\137\000S\000c\000h\000e\000m\000e}{subsection.8.11.3}
\BOOKMARK [3][-]{subsubsection.8.11.3.9}{\376\377\000J\000x\000\137\000S\000t\000a\000t\000e\000\137\000F\000u\000n\000c\000t\000i\000o\000n}{subsection.8.11.3}
\BOOKMARK [3][-]{subsubsection.8.11.3.10}{\376\377\000O\000b\000s\000e\000r\000v\000a\000t\000i\000o\000n\000\137\000F\000u\000n\000c\000t\000i\000o\000n}{subsection.8.11.3}
\BOOKMARK [3][-]{subsubsection.8.11.3.11}{\376\377\000S\000c\000h\000e\000m\000e}{subsection.8.11.3}
\BOOKMARK [3][-]{subsubsection.8.11.3.12}{\376\377\000S\000e\000t\000\137\000A\000l\000p\000h\000a}{subsection.8.11.3}
\BOOKMARK [3][-]{subsubsection.8.11.3.13}{\376\377\000S\000t\000a\000t\000e\000\137\000F\000u\000n\000c\000t\000i\000o\000n}{subsection.8.11.3}
\BOOKMARK [2][-]{subsection.8.11.4}{\376\377\000M\000e\000m\000b\000e\000r\000\040\000D\000a\000t\000a\000\040\000D\000o\000c\000u\000m\000e\000n\000t\000a\000t\000i\000o\000n}{section.8.11}
\BOOKMARK [3][-]{subsubsection.8.11.4.1}{\376\377\000a\000l\000p\000h\000a}{subsection.8.11.4}
\BOOKMARK [3][-]{subsubsection.8.11.4.2}{\376\377\000c\000d\000\137\000m\000o\000d\000e\000l}{subsection.8.11.4}
\BOOKMARK [1][-]{section.8.12}{\376\377\000D\000i\000s\000c\000r\000e\000t\000e\000\137\000O\000b\000s\000e\000r\000v\000e\000d\000\137\000M\000o\000d\000e\000l\000\040\000C\000l\000a\000s\000s\000\040\000R\000e\000f\000e\000r\000e\000n\000c\000e}{chapter.8}
\BOOKMARK [2][-]{subsection.8.12.1}{\376\377\000D\000e\000t\000a\000i\000l\000e\000d\000\040\000D\000e\000s\000c\000r\000i\000p\000t\000i\000o\000n}{section.8.12}
\BOOKMARK [2][-]{subsection.8.12.2}{\376\377\000C\000o\000n\000s\000t\000r\000u\000c\000t\000o\000r\000\040\000\046\000\040\000D\000e\000s\000t\000r\000u\000c\000t\000o\000r\000\040\000D\000o\000c\000u\000m\000e\000n\000t\000a\000t\000i\000o\000n}{section.8.12}
\BOOKMARK [3][-]{subsubsection.8.12.2.1}{\376\377\000D\000i\000s\000c\000r\000e\000t\000e\000\137\000O\000b\000s\000e\000r\000v\000e\000d\000\137\000M\000o\000d\000e\000l}{subsection.8.12.2}
\BOOKMARK [3][-]{subsubsection.8.12.2.2}{\376\377\000D\000i\000s\000c\000r\000e\000t\000e\000\137\000O\000b\000s\000e\000r\000v\000e\000d\000\137\000M\000o\000d\000e\000l}{subsection.8.12.2}
\BOOKMARK [2][-]{subsection.8.12.3}{\376\377\000M\000e\000m\000b\000e\000r\000\040\000F\000u\000n\000c\000t\000i\000o\000n\000\040\000D\000o\000c\000u\000m\000e\000n\000t\000a\000t\000i\000o\000n}{section.8.12}
\BOOKMARK [3][-]{subsubsection.8.12.3.1}{\376\377\000G\000e\000t\000\137\000I\000n\000i\000t\000\137\000P\000a\000r\000a\000m\000e\000t\000e\000r\000s}{subsection.8.12.3}
\BOOKMARK [3][-]{subsubsection.8.12.3.2}{\376\377\000J\000\137\000O\000b\000s\000e\000r\000v\000a\000t\000i\000o\000n\000\137\000F\000u\000n\000c\000t\000i\000o\000n}{subsection.8.12.3}
\BOOKMARK [3][-]{subsubsection.8.12.3.3}{\376\377\000O\000b\000s\000e\000r\000v\000a\000t\000i\000o\000n\000\137\000F\000u\000n\000c\000t\000i\000o\000n}{subsection.8.12.3}
\BOOKMARK [2][-]{subsection.8.12.4}{\376\377\000M\000e\000m\000b\000e\000r\000\040\000D\000a\000t\000a\000\040\000D\000o\000c\000u\000m\000e\000n\000t\000a\000t\000i\000o\000n}{section.8.12}
\BOOKMARK [3][-]{subsubsection.8.12.4.1}{\376\377\000Q\000v}{subsection.8.12.4}
\BOOKMARK [3][-]{subsubsection.8.12.4.2}{\376\377\000Q\000w}{subsection.8.12.4}
\BOOKMARK [3][-]{subsubsection.8.12.4.3}{\376\377\000R\0000}{subsection.8.12.4}
\BOOKMARK [3][-]{subsubsection.8.12.4.4}{\376\377\000X\0000}{subsection.8.12.4}
\BOOKMARK [1][-]{section.8.13}{\376\377\000E\000u\000l\000e\000r\000\137\000C\000D\000\137\000M\000o\000d\000e\000l\000\040\000C\000l\000a\000s\000s\000\040\000R\000e\000f\000e\000r\000e\000n\000c\000e}{chapter.8}
\BOOKMARK [2][-]{subsection.8.13.1}{\376\377\000D\000e\000t\000a\000i\000l\000e\000d\000\040\000D\000e\000s\000c\000r\000i\000p\000t\000i\000o\000n}{section.8.13}
\BOOKMARK [2][-]{subsection.8.13.2}{\376\377\000C\000o\000n\000s\000t\000r\000u\000c\000t\000o\000r\000\040\000\046\000\040\000D\000e\000s\000t\000r\000u\000c\000t\000o\000r\000\040\000D\000o\000c\000u\000m\000e\000n\000t\000a\000t\000i\000o\000n}{section.8.13}
\BOOKMARK [3][-]{subsubsection.8.13.2.1}{\376\377\000E\000u\000l\000e\000r\000\137\000C\000D\000\137\000M\000o\000d\000e\000l}{subsection.8.13.2}
\BOOKMARK [3][-]{subsubsection.8.13.2.2}{\376\377\000E\000u\000l\000e\000r\000\137\000C\000D\000\137\000M\000o\000d\000e\000l}{subsection.8.13.2}
\BOOKMARK [2][-]{subsection.8.13.3}{\376\377\000M\000e\000m\000b\000e\000r\000\040\000F\000u\000n\000c\000t\000i\000o\000n\000\040\000D\000o\000c\000u\000m\000e\000n\000t\000a\000t\000i\000o\000n}{section.8.13}
\BOOKMARK [3][-]{subsubsection.8.13.3.1}{\376\377\000G\000e\000t\000\137\000L\000i\000n\000e\000a\000r\000\137\000S\000c\000h\000e\000m\000e}{subsection.8.13.3}
\BOOKMARK [3][-]{subsubsection.8.13.3.2}{\376\377\000J\000w\000\137\000S\000c\000h\000e\000m\000e}{subsection.8.13.3}
\BOOKMARK [3][-]{subsubsection.8.13.3.3}{\376\377\000J\000x\000\137\000S\000c\000h\000e\000m\000e}{subsection.8.13.3}
\BOOKMARK [3][-]{subsubsection.8.13.3.4}{\376\377\000S\000c\000h\000e\000m\000e}{subsection.8.13.3}
\BOOKMARK [1][-]{section.8.14}{\376\377\000E\000x\000t\000e\000n\000d\000e\000d\000\137\000K\000a\000l\000m\000a\000n\000\137\000F\000i\000l\000t\000e\000r\000\040\000C\000l\000a\000s\000s\000\040\000R\000e\000f\000e\000r\000e\000n\000c\000e}{chapter.8}
\BOOKMARK [2][-]{subsection.8.14.1}{\376\377\000C\000o\000n\000s\000t\000r\000u\000c\000t\000o\000r\000\040\000\046\000\040\000D\000e\000s\000t\000r\000u\000c\000t\000o\000r\000\040\000D\000o\000c\000u\000m\000e\000n\000t\000a\000t\000i\000o\000n}{section.8.14}
\BOOKMARK [3][-]{subsubsection.8.14.1.1}{\376\377\000E\000x\000t\000e\000n\000d\000e\000d\000\137\000K\000a\000l\000m\000a\000n\000\137\000F\000i\000l\000t\000e\000r}{subsection.8.14.1}
\BOOKMARK [3][-]{subsubsection.8.14.1.2}{\376\377\000E\000x\000t\000e\000n\000d\000e\000d\000\137\000K\000a\000l\000m\000a\000n\000\137\000F\000i\000l\000t\000e\000r}{subsection.8.14.1}
\BOOKMARK [2][-]{subsection.8.14.2}{\376\377\000M\000e\000m\000b\000e\000r\000\040\000F\000u\000n\000c\000t\000i\000o\000n\000\040\000D\000o\000c\000u\000m\000e\000n\000t\000a\000t\000i\000o\000n}{section.8.14}
\BOOKMARK [3][-]{subsubsection.8.14.2.1}{\376\377\000\137\000u\000p\000d\000a\000t\000e}{subsection.8.14.2}
\BOOKMARK [1][-]{section.8.15}{\376\377\000F\000i\000l\000t\000e\000r\000\040\000C\000l\000a\000s\000s\000\040\000R\000e\000f\000e\000r\000e\000n\000c\000e}{chapter.8}
\BOOKMARK [2][-]{subsection.8.15.1}{\376\377\000D\000e\000t\000a\000i\000l\000e\000d\000\040\000D\000e\000s\000c\000r\000i\000p\000t\000i\000o\000n}{section.8.15}
\BOOKMARK [2][-]{subsection.8.15.2}{\376\377\000C\000o\000n\000s\000t\000r\000u\000c\000t\000o\000r\000\040\000\046\000\040\000D\000e\000s\000t\000r\000u\000c\000t\000o\000r\000\040\000D\000o\000c\000u\000m\000e\000n\000t\000a\000t\000i\000o\000n}{section.8.15}
\BOOKMARK [3][-]{subsubsection.8.15.2.1}{\376\377\000F\000i\000l\000t\000e\000r}{subsection.8.15.2}
\BOOKMARK [3][-]{subsubsection.8.15.2.2}{\376\377\000F\000i\000l\000t\000e\000r}{subsection.8.15.2}
\BOOKMARK [2][-]{subsection.8.15.3}{\376\377\000M\000e\000m\000b\000e\000r\000\040\000F\000u\000n\000c\000t\000i\000o\000n\000\040\000D\000o\000c\000u\000m\000e\000n\000t\000a\000t\000i\000o\000n}{section.8.15}
\BOOKMARK [3][-]{subsubsection.8.15.3.1}{\376\377\000\137\000i\000n\000i\000t}{subsection.8.15.3}
\BOOKMARK [3][-]{subsubsection.8.15.3.2}{\376\377\000\137\000u\000p\000d\000a\000t\000e}{subsection.8.15.3}
\BOOKMARK [3][-]{subsubsection.8.15.3.3}{\376\377\000E\000x\000p\000e\000c\000t\000e\000d\000\137\000G\000e\000t}{subsection.8.15.3}
\BOOKMARK [3][-]{subsubsection.8.15.3.4}{\376\377\000F\000i\000l\000t\000e\000r\000i\000n\000g}{subsection.8.15.3}
\BOOKMARK [3][-]{subsubsection.8.15.3.5}{\376\377\000I\000n\000i\000t}{subsection.8.15.3}
\BOOKMARK [3][-]{subsubsection.8.15.3.6}{\376\377\000L\000i\000k\000e\000l\000i\000h\000o\000o\000d\000\137\000G\000e\000t}{subsection.8.15.3}
\BOOKMARK [3][-]{subsubsection.8.15.3.7}{\376\377\000S\000a\000v\000e\000\137\000X}{subsection.8.15.3}
\BOOKMARK [3][-]{subsubsection.8.15.3.8}{\376\377\000U\000p\000d\000a\000t\000e}{subsection.8.15.3}
\BOOKMARK [2][-]{subsection.8.15.4}{\376\377\000M\000e\000m\000b\000e\000r\000\040\000D\000a\000t\000a\000\040\000D\000o\000c\000u\000m\000e\000n\000t\000a\000t\000i\000o\000n}{section.8.15}
\BOOKMARK [3][-]{subsubsection.8.15.4.1}{\376\377\000L\000i\000k\000e\000l\000i\000h\000o\000o\000d}{subsection.8.15.4}
\BOOKMARK [3][-]{subsubsection.8.15.4.2}{\376\377\000m\000o\000d\000e\000l}{subsection.8.15.4}
\BOOKMARK [3][-]{subsubsection.8.15.4.3}{\376\377\000X}{subsection.8.15.4}
\BOOKMARK [1][-]{section.8.16}{\376\377\000G\000\137\000S\000i\000m\000u\000l\000a\000t\000o\000r\000\040\000C\000l\000a\000s\000s\000\040\000R\000e\000f\000e\000r\000e\000n\000c\000e}{chapter.8}
\BOOKMARK [2][-]{subsection.8.16.1}{\376\377\000C\000o\000n\000s\000t\000r\000u\000c\000t\000o\000r\000\040\000\046\000\040\000D\000e\000s\000t\000r\000u\000c\000t\000o\000r\000\040\000D\000o\000c\000u\000m\000e\000n\000t\000a\000t\000i\000o\000n}{section.8.16}
\BOOKMARK [3][-]{subsubsection.8.16.1.1}{\376\377\000G\000\137\000S\000i\000m\000u\000l\000a\000t\000o\000r}{subsection.8.16.1}
\BOOKMARK [3][-]{subsubsection.8.16.1.2}{\376\377\000G\000\137\000S\000i\000m\000u\000l\000a\000t\000o\000r}{subsection.8.16.1}
\BOOKMARK [2][-]{subsection.8.16.2}{\376\377\000M\000e\000m\000b\000e\000r\000\040\000F\000u\000n\000c\000t\000i\000o\000n\000\040\000D\000o\000c\000u\000m\000e\000n\000t\000a\000t\000i\000o\000n}{section.8.16}
\BOOKMARK [3][-]{subsubsection.8.16.2.1}{\376\377\000D\000r\000a\000w\000\137\000I\000n\000i\000t}{subsection.8.16.2}
\BOOKMARK [3][-]{subsubsection.8.16.2.2}{\376\377\000D\000r\000a\000w\000\137\000O\000b\000s\000e\000r\000v\000a\000t\000i\000o\000n}{subsection.8.16.2}
\BOOKMARK [3][-]{subsubsection.8.16.2.3}{\376\377\000D\000r\000a\000w\000\137\000O\000p\000t\000i\000m\000a\000l}{subsection.8.16.2}
\BOOKMARK [3][-]{subsubsection.8.16.2.4}{\376\377\000D\000r\000a\000w\000\137\000T\000r\000a\000n\000s\000i\000t\000i\000o\000n}{subsection.8.16.2}
\BOOKMARK [3][-]{subsubsection.8.16.2.5}{\376\377\000O\000b\000s\000\137\000O\000p\000t\000i\000m\000a\000l\000\137\000D\000e\000n\000s\000i\000t\000y}{subsection.8.16.2}
\BOOKMARK [3][-]{subsubsection.8.16.2.6}{\376\377\000O\000b\000s\000e\000r\000v\000a\000t\000i\000o\000n\000\137\000D\000e\000n\000s\000i\000t\000y}{subsection.8.16.2}
\BOOKMARK [1][-]{section.8.17}{\376\377\000G\000\137\000S\000i\000m\000u\000l\000a\000t\000o\000r\000\137\000W\000T\000\040\000C\000l\000a\000s\000s\000\040\000R\000e\000f\000e\000r\000e\000n\000c\000e}{chapter.8}
\BOOKMARK [2][-]{subsection.8.17.1}{\376\377\000C\000o\000n\000s\000t\000r\000u\000c\000t\000o\000r\000\040\000\046\000\040\000D\000e\000s\000t\000r\000u\000c\000t\000o\000r\000\040\000D\000o\000c\000u\000m\000e\000n\000t\000a\000t\000i\000o\000n}{section.8.17}
\BOOKMARK [3][-]{subsubsection.8.17.1.1}{\376\377\000G\000\137\000S\000i\000m\000u\000l\000a\000t\000o\000r\000\137\000W\000T}{subsection.8.17.1}
\BOOKMARK [3][-]{subsubsection.8.17.1.2}{\376\377\000G\000\137\000S\000i\000m\000u\000l\000a\000t\000o\000r\000\137\000W\000T}{subsection.8.17.1}
\BOOKMARK [2][-]{subsection.8.17.2}{\376\377\000M\000e\000m\000b\000e\000r\000\040\000F\000u\000n\000c\000t\000i\000o\000n\000\040\000D\000o\000c\000u\000m\000e\000n\000t\000a\000t\000i\000o\000n}{section.8.17}
\BOOKMARK [3][-]{subsubsection.8.17.2.1}{\376\377\000D\000r\000a\000w\000\137\000I\000n\000i\000t}{subsection.8.17.2}
\BOOKMARK [2][-]{subsection.8.17.3}{\376\377\000M\000e\000m\000b\000e\000r\000\040\000D\000a\000t\000a\000\040\000D\000o\000c\000u\000m\000e\000n\000t\000a\000t\000i\000o\000n}{section.8.17}
\BOOKMARK [3][-]{subsubsection.8.17.3.1}{\376\377\000N}{subsection.8.17.3}
\BOOKMARK [3][-]{subsubsection.8.17.3.2}{\376\377\000N\000B}{subsection.8.17.3}
\BOOKMARK [3][-]{subsubsection.8.17.3.3}{\376\377\000X\000t}{subsection.8.17.3}
\BOOKMARK [1][-]{section.8.18}{\376\377\000G\000A\000\137\000F\000i\000l\000t\000e\000r\000\040\000C\000l\000a\000s\000s\000\040\000R\000e\000f\000e\000r\000e\000n\000c\000e}{chapter.8}
\BOOKMARK [2][-]{subsection.8.18.1}{\376\377\000D\000e\000t\000a\000i\000l\000e\000d\000\040\000D\000e\000s\000c\000r\000i\000p\000t\000i\000o\000n}{section.8.18}
\BOOKMARK [2][-]{subsection.8.18.2}{\376\377\000C\000o\000n\000s\000t\000r\000u\000c\000t\000o\000r\000\040\000\046\000\040\000D\000e\000s\000t\000r\000u\000c\000t\000o\000r\000\040\000D\000o\000c\000u\000m\000e\000n\000t\000a\000t\000i\000o\000n}{section.8.18}
\BOOKMARK [3][-]{subsubsection.8.18.2.1}{\376\377\000G\000A\000\137\000F\000i\000l\000t\000e\000r}{subsection.8.18.2}
\BOOKMARK [3][-]{subsubsection.8.18.2.2}{\376\377\000G\000A\000\137\000F\000i\000l\000t\000e\000r}{subsection.8.18.2}
\BOOKMARK [2][-]{subsection.8.18.3}{\376\377\000M\000e\000m\000b\000e\000r\000\040\000F\000u\000n\000c\000t\000i\000o\000n\000\040\000D\000o\000c\000u\000m\000e\000n\000t\000a\000t\000i\000o\000n}{section.8.18}
\BOOKMARK [3][-]{subsubsection.8.18.3.1}{\376\377\000\137\000i\000n\000i\000t}{subsection.8.18.3}
\BOOKMARK [3][-]{subsubsection.8.18.3.2}{\376\377\000E\000x\000p\000e\000c\000t\000e\000d\000\137\000G\000e\000t}{subsection.8.18.3}
\BOOKMARK [2][-]{subsection.8.18.4}{\376\377\000M\000e\000m\000b\000e\000r\000\040\000D\000a\000t\000a\000\040\000D\000o\000c\000u\000m\000e\000n\000t\000a\000t\000i\000o\000n}{section.8.18}
\BOOKMARK [3][-]{subsubsection.8.18.4.1}{\376\377\000M}{subsection.8.18.4}
\BOOKMARK [3][-]{subsubsection.8.18.4.2}{\376\377\000R}{subsection.8.18.4}
\BOOKMARK [3][-]{subsubsection.8.18.4.3}{\376\377\000R\000p}{subsection.8.18.4}
\BOOKMARK [3][-]{subsubsection.8.18.4.4}{\376\377\000X\000p}{subsection.8.18.4}
\BOOKMARK [1][-]{section.8.19}{\376\377\000G\000a\000u\000s\000s\000i\000a\000n\000\137\000L\000i\000n\000e\000a\000r\000\137\000M\000o\000d\000e\000l\000\040\000C\000l\000a\000s\000s\000\040\000R\000e\000f\000e\000r\000e\000n\000c\000e}{chapter.8}
\BOOKMARK [2][-]{subsection.8.19.1}{\376\377\000D\000e\000t\000a\000i\000l\000e\000d\000\040\000D\000e\000s\000c\000r\000i\000p\000t\000i\000o\000n}{section.8.19}
\BOOKMARK [2][-]{subsection.8.19.2}{\376\377\000C\000o\000n\000s\000t\000r\000u\000c\000t\000o\000r\000\040\000\046\000\040\000D\000e\000s\000t\000r\000u\000c\000t\000o\000r\000\040\000D\000o\000c\000u\000m\000e\000n\000t\000a\000t\000i\000o\000n}{section.8.19}
\BOOKMARK [3][-]{subsubsection.8.19.2.1}{\376\377\000G\000a\000u\000s\000s\000i\000a\000n\000\137\000L\000i\000n\000e\000a\000r\000\137\000M\000o\000d\000e\000l}{subsection.8.19.2}
\BOOKMARK [2][-]{subsection.8.19.3}{\376\377\000M\000e\000m\000b\000e\000r\000\040\000F\000u\000n\000c\000t\000i\000o\000n\000\040\000D\000o\000c\000u\000m\000e\000n\000t\000a\000t\000i\000o\000n}{section.8.19}
\BOOKMARK [3][-]{subsubsection.8.19.3.1}{\376\377\000G\000e\000t\000\137\000C\000o\000v\000\137\000P\000r\000e\000d\000i\000c\000t\000i\000o\000n}{subsection.8.19.3}
\BOOKMARK [3][-]{subsubsection.8.19.3.2}{\376\377\000G\000e\000t\000\137\000M\000e\000a\000n\000\137\000P\000r\000e\000d\000i\000c\000t\000i\000o\000n}{subsection.8.19.3}
\BOOKMARK [3][-]{subsubsection.8.19.3.3}{\376\377\000J\000\137\000O\000b\000s\000e\000r\000v\000a\000t\000i\000o\000n\000\137\000F\000u\000n\000c\000t\000i\000o\000n}{subsection.8.19.3}
\BOOKMARK [3][-]{subsubsection.8.19.3.4}{\376\377\000J\000w\000\137\000S\000t\000a\000t\000e\000\137\000F\000u\000n\000c\000t\000i\000o\000n}{subsection.8.19.3}
\BOOKMARK [3][-]{subsubsection.8.19.3.5}{\376\377\000J\000x\000\137\000S\000t\000a\000t\000e\000\137\000F\000u\000n\000c\000t\000i\000o\000n}{subsection.8.19.3}
\BOOKMARK [3][-]{subsubsection.8.19.3.6}{\376\377\000O\000b\000s\000e\000r\000v\000a\000t\000i\000o\000n\000\137\000F\000u\000n\000c\000t\000i\000o\000n}{subsection.8.19.3}
\BOOKMARK [3][-]{subsubsection.8.19.3.7}{\376\377\000S\000t\000a\000t\000e\000\137\000F\000u\000n\000c\000t\000i\000o\000n}{subsection.8.19.3}
\BOOKMARK [2][-]{subsection.8.19.4}{\376\377\000M\000e\000m\000b\000e\000r\000\040\000D\000a\000t\000a\000\040\000D\000o\000c\000u\000m\000e\000n\000t\000a\000t\000i\000o\000n}{section.8.19}
\BOOKMARK [3][-]{subsubsection.8.19.4.1}{\376\377\000f}{subsection.8.19.4}
\BOOKMARK [3][-]{subsubsection.8.19.4.2}{\376\377\000F}{subsection.8.19.4}
\BOOKMARK [3][-]{subsubsection.8.19.4.3}{\376\377\000G}{subsection.8.19.4}
\BOOKMARK [3][-]{subsubsection.8.19.4.4}{\376\377\000H}{subsection.8.19.4}
\BOOKMARK [3][-]{subsubsection.8.19.4.5}{\376\377\000h}{subsection.8.19.4}
\BOOKMARK [1][-]{section.8.20}{\376\377\000G\000a\000u\000s\000s\000i\000a\000n\000\137\000N\000o\000n\000l\000i\000n\000e\000a\000r\000\137\000M\000o\000d\000e\000l\000\040\000C\000l\000a\000s\000s\000\040\000R\000e\000f\000e\000r\000e\000n\000c\000e}{chapter.8}
\BOOKMARK [2][-]{subsection.8.20.1}{\376\377\000D\000e\000t\000a\000i\000l\000e\000d\000\040\000D\000e\000s\000c\000r\000i\000p\000t\000i\000o\000n}{section.8.20}
\BOOKMARK [2][-]{subsection.8.20.2}{\376\377\000C\000o\000n\000s\000t\000r\000u\000c\000t\000o\000r\000\040\000\046\000\040\000D\000e\000s\000t\000r\000u\000c\000t\000o\000r\000\040\000D\000o\000c\000u\000m\000e\000n\000t\000a\000t\000i\000o\000n}{section.8.20}
\BOOKMARK [3][-]{subsubsection.8.20.2.1}{\376\377\000G\000a\000u\000s\000s\000i\000a\000n\000\137\000N\000o\000n\000l\000i\000n\000e\000a\000r\000\137\000M\000o\000d\000e\000l}{subsection.8.20.2}
\BOOKMARK [3][-]{subsubsection.8.20.2.2}{\376\377\000G\000a\000u\000s\000s\000i\000a\000n\000\137\000N\000o\000n\000l\000i\000n\000e\000a\000r\000\137\000M\000o\000d\000e\000l}{subsection.8.20.2}
\BOOKMARK [2][-]{subsection.8.20.3}{\376\377\000M\000e\000m\000b\000e\000r\000\040\000F\000u\000n\000c\000t\000i\000o\000n\000\040\000D\000o\000c\000u\000m\000e\000n\000t\000a\000t\000i\000o\000n}{section.8.20}
\BOOKMARK [3][-]{subsubsection.8.20.3.1}{\376\377\000G\000e\000t\000\137\000L\000i\000n\000e\000a\000r\000\137\000P\000a\000r\000a\000m\000e\000t\000e\000r\000s}{subsection.8.20.3}
\BOOKMARK [3][-]{subsubsection.8.20.3.2}{\376\377\000I\000n\000i\000t}{subsection.8.20.3}
\BOOKMARK [3][-]{subsubsection.8.20.3.3}{\376\377\000J\000w\000\137\000S\000t\000a\000t\000e\000\137\000F\000u\000n\000c\000t\000i\000o\000n}{subsection.8.20.3}
\BOOKMARK [3][-]{subsubsection.8.20.3.4}{\376\377\000J\000x\000\137\000S\000t\000a\000t\000e\000\137\000F\000u\000n\000c\000t\000i\000o\000n}{subsection.8.20.3}
\BOOKMARK [3][-]{subsubsection.8.20.3.5}{\376\377\000S\000t\000a\000t\000e\000\137\000F\000u\000n\000c\000t\000i\000o\000n}{subsection.8.20.3}
\BOOKMARK [1][-]{section.8.21}{\376\377\000H\000e\000u\000n\000\137\000C\000D\000\137\000M\000o\000d\000e\000l\000\040\000C\000l\000a\000s\000s\000\040\000R\000e\000f\000e\000r\000e\000n\000c\000e}{chapter.8}
\BOOKMARK [2][-]{subsection.8.21.1}{\376\377\000D\000e\000t\000a\000i\000l\000e\000d\000\040\000D\000e\000s\000c\000r\000i\000p\000t\000i\000o\000n}{section.8.21}
\BOOKMARK [2][-]{subsection.8.21.2}{\376\377\000C\000o\000n\000s\000t\000r\000u\000c\000t\000o\000r\000\040\000\046\000\040\000D\000e\000s\000t\000r\000u\000c\000t\000o\000r\000\040\000D\000o\000c\000u\000m\000e\000n\000t\000a\000t\000i\000o\000n}{section.8.21}
\BOOKMARK [3][-]{subsubsection.8.21.2.1}{\376\377\000H\000e\000u\000n\000\137\000C\000D\000\137\000M\000o\000d\000e\000l}{subsection.8.21.2}
\BOOKMARK [3][-]{subsubsection.8.21.2.2}{\376\377\000H\000e\000u\000n\000\137\000C\000D\000\137\000M\000o\000d\000e\000l}{subsection.8.21.2}
\BOOKMARK [2][-]{subsection.8.21.3}{\376\377\000M\000e\000m\000b\000e\000r\000\040\000F\000u\000n\000c\000t\000i\000o\000n\000\040\000D\000o\000c\000u\000m\000e\000n\000t\000a\000t\000i\000o\000n}{section.8.21}
\BOOKMARK [3][-]{subsubsection.8.21.3.1}{\376\377\000G\000e\000t\000\137\000L\000i\000n\000e\000a\000r\000\137\000S\000c\000h\000e\000m\000e}{subsection.8.21.3}
\BOOKMARK [3][-]{subsubsection.8.21.3.2}{\376\377\000J\000w\000\137\000S\000c\000h\000e\000m\000e}{subsection.8.21.3}
\BOOKMARK [3][-]{subsubsection.8.21.3.3}{\376\377\000J\000x\000\137\000S\000c\000h\000e\000m\000e}{subsection.8.21.3}
\BOOKMARK [3][-]{subsubsection.8.21.3.4}{\376\377\000S\000c\000h\000e\000m\000e}{subsection.8.21.3}
\BOOKMARK [1][-]{section.8.22}{\376\377\000L\000i\000n\000e\000a\000r\000\137\000C\000D\000\137\000M\000o\000d\000e\000l\000\040\000C\000l\000a\000s\000s\000\040\000R\000e\000f\000e\000r\000e\000n\000c\000e}{chapter.8}
\BOOKMARK [2][-]{subsection.8.22.1}{\376\377\000D\000e\000t\000a\000i\000l\000e\000d\000\040\000D\000e\000s\000c\000r\000i\000p\000t\000i\000o\000n}{section.8.22}
\BOOKMARK [2][-]{subsection.8.22.2}{\376\377\000C\000o\000n\000s\000t\000r\000u\000c\000t\000o\000r\000\040\000\046\000\040\000D\000e\000s\000t\000r\000u\000c\000t\000o\000r\000\040\000D\000o\000c\000u\000m\000e\000n\000t\000a\000t\000i\000o\000n}{section.8.22}
\BOOKMARK [3][-]{subsubsection.8.22.2.1}{\376\377\000L\000i\000n\000e\000a\000r\000\137\000C\000D\000\137\000M\000o\000d\000e\000l}{subsection.8.22.2}
\BOOKMARK [2][-]{subsection.8.22.3}{\376\377\000M\000e\000m\000b\000e\000r\000\040\000F\000u\000n\000c\000t\000i\000o\000n\000\040\000D\000o\000c\000u\000m\000e\000n\000t\000a\000t\000i\000o\000n}{section.8.22}
\BOOKMARK [3][-]{subsubsection.8.22.3.1}{\376\377\000D\000i\000f\000f\000u\000s\000i\000o\000n\000\137\000F\000u\000n\000c\000t\000i\000o\000n}{subsection.8.22.3}
\BOOKMARK [3][-]{subsubsection.8.22.3.2}{\376\377\000D\000r\000i\000f\000t\000\137\000F\000u\000n\000c\000t\000i\000o\000n}{subsection.8.22.3}
\BOOKMARK [3][-]{subsubsection.8.22.3.3}{\376\377\000G\000e\000t\000\137\000C\000o\000v\000\137\000P\000r\000e\000d\000i\000c\000t\000i\000o\000n}{subsection.8.22.3}
\BOOKMARK [3][-]{subsubsection.8.22.3.4}{\376\377\000G\000e\000t\000\137\000M\000e\000a\000n\000\137\000P\000r\000e\000d\000i\000c\000t\000i\000o\000n}{subsection.8.22.3}
\BOOKMARK [3][-]{subsubsection.8.22.3.5}{\376\377\000I\000n\000i\000t}{subsection.8.22.3}
\BOOKMARK [3][-]{subsubsection.8.22.3.6}{\376\377\000J\000\137\000D\000r\000i\000f\000t\000\137\000F\000u\000n\000c\000t\000i\000o\000n}{subsection.8.22.3}
\BOOKMARK [3][-]{subsubsection.8.22.3.7}{\376\377\000J\000\137\000O\000b\000s\000e\000r\000v\000a\000t\000i\000o\000n\000\137\000F\000u\000n\000c\000t\000i\000o\000n}{subsection.8.22.3}
\BOOKMARK [3][-]{subsubsection.8.22.3.8}{\376\377\000O\000b\000s\000e\000r\000v\000a\000t\000i\000o\000n\000\137\000F\000u\000n\000c\000t\000i\000o\000n}{subsection.8.22.3}
\BOOKMARK [2][-]{subsection.8.22.4}{\376\377\000M\000e\000m\000b\000e\000r\000\040\000D\000a\000t\000a\000\040\000D\000o\000c\000u\000m\000e\000n\000t\000a\000t\000i\000o\000n}{section.8.22}
\BOOKMARK [3][-]{subsubsection.8.22.4.1}{\376\377\000A}{subsection.8.22.4}
\BOOKMARK [3][-]{subsubsection.8.22.4.2}{\376\377\000B}{subsection.8.22.4}
\BOOKMARK [3][-]{subsubsection.8.22.4.3}{\376\377\000C}{subsection.8.22.4}
\BOOKMARK [3][-]{subsubsection.8.22.4.4}{\376\377\000H}{subsection.8.22.4}
\BOOKMARK [3][-]{subsubsection.8.22.4.5}{\376\377\000h}{subsection.8.22.4}
\BOOKMARK [1][-]{section.8.23}{\376\377\000L\000L\000\137\000F\000i\000l\000t\000e\000r\000\040\000C\000l\000a\000s\000s\000\040\000R\000e\000f\000e\000r\000e\000n\000c\000e}{chapter.8}
\BOOKMARK [2][-]{subsection.8.23.1}{\376\377\000C\000o\000n\000s\000t\000r\000u\000c\000t\000o\000r\000\040\000\046\000\040\000D\000e\000s\000t\000r\000u\000c\000t\000o\000r\000\040\000D\000o\000c\000u\000m\000e\000n\000t\000a\000t\000i\000o\000n}{section.8.23}
\BOOKMARK [3][-]{subsubsection.8.23.1.1}{\376\377\000L\000L\000\137\000F\000i\000l\000t\000e\000r}{subsection.8.23.1}
\BOOKMARK [3][-]{subsubsection.8.23.1.2}{\376\377\000L\000L\000\137\000F\000i\000l\000t\000e\000r}{subsection.8.23.1}
\BOOKMARK [2][-]{subsection.8.23.2}{\376\377\000M\000e\000m\000b\000e\000r\000\040\000F\000u\000n\000c\000t\000i\000o\000n\000\040\000D\000o\000c\000u\000m\000e\000n\000t\000a\000t\000i\000o\000n}{section.8.23}
\BOOKMARK [3][-]{subsubsection.8.23.2.1}{\376\377\000\137\000u\000p\000d\000a\000t\000e}{subsection.8.23.2}
\BOOKMARK [1][-]{section.8.24}{\376\377\000L\000T\000I\000\137\000C\000D\000\137\000S\000i\000m\000u\000l\000a\000t\000o\000r\000\040\000C\000l\000a\000s\000s\000\040\000R\000e\000f\000e\000r\000e\000n\000c\000e}{chapter.8}
\BOOKMARK [2][-]{subsection.8.24.1}{\376\377\000C\000o\000n\000s\000t\000r\000u\000c\000t\000o\000r\000\040\000\046\000\040\000D\000e\000s\000t\000r\000u\000c\000t\000o\000r\000\040\000D\000o\000c\000u\000m\000e\000n\000t\000a\000t\000i\000o\000n}{section.8.24}
\BOOKMARK [3][-]{subsubsection.8.24.1.1}{\376\377\000L\000T\000I\000\137\000C\000D\000\137\000S\000i\000m\000u\000l\000a\000t\000o\000r}{subsection.8.24.1}
\BOOKMARK [3][-]{subsubsection.8.24.1.2}{\376\377\000L\000T\000I\000\137\000C\000D\000\137\000S\000i\000m\000u\000l\000a\000t\000o\000r}{subsection.8.24.1}
\BOOKMARK [2][-]{subsection.8.24.2}{\376\377\000M\000e\000m\000b\000e\000r\000\040\000F\000u\000n\000c\000t\000i\000o\000n\000\040\000D\000o\000c\000u\000m\000e\000n\000t\000a\000t\000i\000o\000n}{section.8.24}
\BOOKMARK [3][-]{subsubsection.8.24.2.1}{\376\377\000d\000r\000a\000w\000\137\000s\000t\000a\000t\000e}{subsection.8.24.2}
\BOOKMARK [1][-]{section.8.25}{\376\377\000L\000T\000I\000\137\000C\000D\000\137\000S\000i\000m\000u\000l\000a\000t\000o\000r\000\137\000W\000T\000\040\000C\000l\000a\000s\000s\000\040\000R\000e\000f\000e\000r\000e\000n\000c\000e}{chapter.8}
\BOOKMARK [2][-]{subsection.8.25.1}{\376\377\000C\000o\000n\000s\000t\000r\000u\000c\000t\000o\000r\000\040\000\046\000\040\000D\000e\000s\000t\000r\000u\000c\000t\000o\000r\000\040\000D\000o\000c\000u\000m\000e\000n\000t\000a\000t\000i\000o\000n}{section.8.25}
\BOOKMARK [3][-]{subsubsection.8.25.1.1}{\376\377\000L\000T\000I\000\137\000C\000D\000\137\000S\000i\000m\000u\000l\000a\000t\000o\000r\000\137\000W\000T}{subsection.8.25.1}
\BOOKMARK [3][-]{subsubsection.8.25.1.2}{\376\377\000L\000T\000I\000\137\000C\000D\000\137\000S\000i\000m\000u\000l\000a\000t\000o\000r\000\137\000W\000T}{subsection.8.25.1}
\BOOKMARK [2][-]{subsection.8.25.2}{\376\377\000M\000e\000m\000b\000e\000r\000\040\000F\000u\000n\000c\000t\000i\000o\000n\000\040\000D\000o\000c\000u\000m\000e\000n\000t\000a\000t\000i\000o\000n}{section.8.25}
\BOOKMARK [3][-]{subsubsection.8.25.2.1}{\376\377\000D\000r\000a\000w\000\137\000I\000n\000i\000t}{subsection.8.25.2}
\BOOKMARK [2][-]{subsection.8.25.3}{\376\377\000M\000e\000m\000b\000e\000r\000\040\000D\000a\000t\000a\000\040\000D\000o\000c\000u\000m\000e\000n\000t\000a\000t\000i\000o\000n}{section.8.25}
\BOOKMARK [3][-]{subsubsection.8.25.3.1}{\376\377\000T}{subsection.8.25.3}
\BOOKMARK [3][-]{subsubsection.8.25.3.2}{\376\377\000T\000B}{subsection.8.25.3}
\BOOKMARK [3][-]{subsubsection.8.25.3.3}{\376\377\000X\000t}{subsection.8.25.3}
\BOOKMARK [1][-]{section.8.26}{\376\377\000M\000o\000d\000e\000l\000\040\000C\000l\000a\000s\000s\000\040\000R\000e\000f\000e\000r\000e\000n\000c\000e}{chapter.8}
\BOOKMARK [2][-]{subsection.8.26.1}{\376\377\000D\000e\000t\000a\000i\000l\000e\000d\000\040\000D\000e\000s\000c\000r\000i\000p\000t\000i\000o\000n}{section.8.26}
\BOOKMARK [2][-]{subsection.8.26.2}{\376\377\000C\000o\000n\000s\000t\000r\000u\000c\000t\000o\000r\000\040\000\046\000\040\000D\000e\000s\000t\000r\000u\000c\000t\000o\000r\000\040\000D\000o\000c\000u\000m\000e\000n\000t\000a\000t\000i\000o\000n}{section.8.26}
\BOOKMARK [3][-]{subsubsection.8.26.2.1}{\376\377\000M\000o\000d\000e\000l}{subsection.8.26.2}
\BOOKMARK [3][-]{subsubsection.8.26.2.2}{\376\377\000M\000o\000d\000e\000l}{subsection.8.26.2}
\BOOKMARK [2][-]{subsection.8.26.3}{\376\377\000M\000e\000m\000b\000e\000r\000\040\000F\000u\000n\000c\000t\000i\000o\000n\000\040\000D\000o\000c\000u\000m\000e\000n\000t\000a\000t\000i\000o\000n}{section.8.26}
\BOOKMARK [3][-]{subsubsection.8.26.3.1}{\376\377\000C\000l\000e\000a\000r}{subsection.8.26.3}
\BOOKMARK [3][-]{subsubsection.8.26.3.2}{\376\377\000G\000e\000t\000\137\000T\000i\000m\000e}{subsection.8.26.3}
\BOOKMARK [3][-]{subsubsection.8.26.3.3}{\376\377\000U\000p\000d\000a\000t\000e}{subsection.8.26.3}
\BOOKMARK [2][-]{subsection.8.26.4}{\376\377\000M\000e\000m\000b\000e\000r\000\040\000D\000a\000t\000a\000\040\000D\000o\000c\000u\000m\000e\000n\000t\000a\000t\000i\000o\000n}{section.8.26}
\BOOKMARK [3][-]{subsubsection.8.26.4.1}{\376\377\000\137\000k}{subsection.8.26.4}
\BOOKMARK [1][-]{section.8.27}{\376\377\000O\000p\000t\000\137\000S\000i\000m\000u\000l\000a\000t\000o\000r\000\040\000C\000l\000a\000s\000s\000\040\000R\000e\000f\000e\000r\000e\000n\000c\000e}{chapter.8}
\BOOKMARK [2][-]{subsection.8.27.1}{\376\377\000C\000o\000n\000s\000t\000r\000u\000c\000t\000o\000r\000\040\000\046\000\040\000D\000e\000s\000t\000r\000u\000c\000t\000o\000r\000\040\000D\000o\000c\000u\000m\000e\000n\000t\000a\000t\000i\000o\000n}{section.8.27}
\BOOKMARK [3][-]{subsubsection.8.27.1.1}{\376\377\000O\000p\000t\000\137\000S\000i\000m\000u\000l\000a\000t\000o\000r}{subsection.8.27.1}
\BOOKMARK [2][-]{subsection.8.27.2}{\376\377\000M\000e\000m\000b\000e\000r\000\040\000F\000u\000n\000c\000t\000i\000o\000n\000\040\000D\000o\000c\000u\000m\000e\000n\000t\000a\000t\000i\000o\000n}{section.8.27}
\BOOKMARK [3][-]{subsubsection.8.27.2.1}{\376\377\000D\000r\000a\000w\000\137\000O\000p\000t\000i\000m\000a\000l}{subsection.8.27.2}
\BOOKMARK [3][-]{subsubsection.8.27.2.2}{\376\377\000O\000b\000s\000\137\000O\000p\000t\000i\000m\000a\000l\000\137\000D\000e\000n\000s\000i\000t\000y}{subsection.8.27.2}
\BOOKMARK [1][-]{section.8.28}{\376\377\000O\000p\000t\000i\000m\000a\000l\000\137\000S\000a\000m\000p\000l\000e\000r\000\040\000C\000l\000a\000s\000s\000\040\000R\000e\000f\000e\000r\000e\000n\000c\000e}{chapter.8}
\BOOKMARK [2][-]{subsection.8.28.1}{\376\377\000D\000e\000t\000a\000i\000l\000e\000d\000\040\000D\000e\000s\000c\000r\000i\000p\000t\000i\000o\000n}{section.8.28}
\BOOKMARK [2][-]{subsection.8.28.2}{\376\377\000C\000o\000n\000s\000t\000r\000u\000c\000t\000o\000r\000\040\000\046\000\040\000D\000e\000s\000t\000r\000u\000c\000t\000o\000r\000\040\000D\000o\000c\000u\000m\000e\000n\000t\000a\000t\000i\000o\000n}{section.8.28}
\BOOKMARK [3][-]{subsubsection.8.28.2.1}{\376\377\000O\000p\000t\000i\000m\000a\000l\000\137\000S\000a\000m\000p\000l\000e\000r}{subsection.8.28.2}
\BOOKMARK [3][-]{subsubsection.8.28.2.2}{\376\377\000O\000p\000t\000i\000m\000a\000l\000\137\000S\000a\000m\000p\000l\000e\000r}{subsection.8.28.2}
\BOOKMARK [2][-]{subsection.8.28.3}{\376\377\000M\000e\000m\000b\000e\000r\000\040\000F\000u\000n\000c\000t\000i\000o\000n\000\040\000D\000o\000c\000u\000m\000e\000n\000t\000a\000t\000i\000o\000n}{section.8.28}
\BOOKMARK [3][-]{subsubsection.8.28.3.1}{\376\377\000D\000r\000a\000w}{subsection.8.28.3}
\BOOKMARK [3][-]{subsubsection.8.28.3.2}{\376\377\000D\000r\000a\000w\000I\000n\000i\000t\000C\000l\000o\000u\000d}{subsection.8.28.3}
\BOOKMARK [3][-]{subsubsection.8.28.3.3}{\376\377\000W\000e\000i\000g\000h\000t}{subsection.8.28.3}
\BOOKMARK [1][-]{section.8.29}{\376\377\000O\000p\000t\000S\000I\000S\000R\000\137\000F\000i\000l\000t\000e\000r\000\040\000C\000l\000a\000s\000s\000\040\000R\000e\000f\000e\000r\000e\000n\000c\000e}{chapter.8}
\BOOKMARK [2][-]{subsection.8.29.1}{\376\377\000C\000o\000n\000s\000t\000r\000u\000c\000t\000o\000r\000\040\000\046\000\040\000D\000e\000s\000t\000r\000u\000c\000t\000o\000r\000\040\000D\000o\000c\000u\000m\000e\000n\000t\000a\000t\000i\000o\000n}{section.8.29}
\BOOKMARK [3][-]{subsubsection.8.29.1.1}{\376\377\000O\000p\000t\000S\000I\000S\000R\000\137\000F\000i\000l\000t\000e\000r}{subsection.8.29.1}
\BOOKMARK [3][-]{subsubsection.8.29.1.2}{\376\377\000O\000p\000t\000S\000I\000S\000R\000\137\000F\000i\000l\000t\000e\000r}{subsection.8.29.1}
\BOOKMARK [3][-]{subsubsection.8.29.1.3}{\376\377\000O\000p\000t\000S\000I\000S\000R\000\137\000F\000i\000l\000t\000e\000r}{subsection.8.29.1}
\BOOKMARK [3][-]{subsubsection.8.29.1.4}{\376\377\000O\000p\000t\000S\000I\000S\000R\000\137\000F\000i\000l\000t\000e\000r}{subsection.8.29.1}
\BOOKMARK [2][-]{subsection.8.29.2}{\376\377\000M\000e\000m\000b\000e\000r\000\040\000D\000a\000t\000a\000\040\000D\000o\000c\000u\000m\000e\000n\000t\000a\000t\000i\000o\000n}{section.8.29}
\BOOKMARK [3][-]{subsubsection.8.29.2.1}{\376\377\000s\000i\000m}{subsection.8.29.2}
\BOOKMARK [1][-]{section.8.30}{\376\377\000O\000z\000a\000k\000i\000\137\000C\000D\000\137\000M\000o\000d\000e\000l\000\040\000C\000l\000a\000s\000s\000\040\000R\000e\000f\000e\000r\000e\000n\000c\000e}{chapter.8}
\BOOKMARK [2][-]{subsection.8.30.1}{\376\377\000D\000e\000t\000a\000i\000l\000e\000d\000\040\000D\000e\000s\000c\000r\000i\000p\000t\000i\000o\000n}{section.8.30}
\BOOKMARK [2][-]{subsection.8.30.2}{\376\377\000C\000o\000n\000s\000t\000r\000u\000c\000t\000o\000r\000\040\000\046\000\040\000D\000e\000s\000t\000r\000u\000c\000t\000o\000r\000\040\000D\000o\000c\000u\000m\000e\000n\000t\000a\000t\000i\000o\000n}{section.8.30}
\BOOKMARK [3][-]{subsubsection.8.30.2.1}{\376\377\000O\000z\000a\000k\000i\000\137\000C\000D\000\137\000M\000o\000d\000e\000l}{subsection.8.30.2}
\BOOKMARK [3][-]{subsubsection.8.30.2.2}{\376\377\000O\000z\000a\000k\000i\000\137\000C\000D\000\137\000M\000o\000d\000e\000l}{subsection.8.30.2}
\BOOKMARK [2][-]{subsection.8.30.3}{\376\377\000M\000e\000m\000b\000e\000r\000\040\000F\000u\000n\000c\000t\000i\000o\000n\000\040\000D\000o\000c\000u\000m\000e\000n\000t\000a\000t\000i\000o\000n}{section.8.30}
\BOOKMARK [3][-]{subsubsection.8.30.3.1}{\376\377\000G\000e\000t\000\137\000L\000i\000n\000e\000a\000r\000\137\000S\000c\000h\000e\000m\000e}{subsection.8.30.3}
\BOOKMARK [3][-]{subsubsection.8.30.3.2}{\376\377\000J\000w\000\137\000S\000c\000h\000e\000m\000e}{subsection.8.30.3}
\BOOKMARK [3][-]{subsubsection.8.30.3.3}{\376\377\000J\000x\000\137\000S\000c\000h\000e\000m\000e}{subsection.8.30.3}
\BOOKMARK [3][-]{subsubsection.8.30.3.4}{\376\377\000S\000c\000h\000e\000m\000e}{subsection.8.30.3}
\BOOKMARK [1][-]{section.8.31}{\376\377\000S\000I\000\137\000S\000a\000m\000p\000l\000e\000r\000\040\000C\000l\000a\000s\000s\000\040\000R\000e\000f\000e\000r\000e\000n\000c\000e}{chapter.8}
\BOOKMARK [2][-]{subsection.8.31.1}{\376\377\000D\000e\000t\000a\000i\000l\000e\000d\000\040\000D\000e\000s\000c\000r\000i\000p\000t\000i\000o\000n}{section.8.31}
\BOOKMARK [2][-]{subsection.8.31.2}{\376\377\000C\000o\000n\000s\000t\000r\000u\000c\000t\000o\000r\000\040\000\046\000\040\000D\000e\000s\000t\000r\000u\000c\000t\000o\000r\000\040\000D\000o\000c\000u\000m\000e\000n\000t\000a\000t\000i\000o\000n}{section.8.31}
\BOOKMARK [3][-]{subsubsection.8.31.2.1}{\376\377\000S\000I\000\137\000S\000a\000m\000p\000l\000e\000r}{subsection.8.31.2}
\BOOKMARK [3][-]{subsubsection.8.31.2.2}{\376\377\000S\000I\000\137\000S\000a\000m\000p\000l\000e\000r}{subsection.8.31.2}
\BOOKMARK [2][-]{subsection.8.31.3}{\376\377\000M\000e\000m\000b\000e\000r\000\040\000F\000u\000n\000c\000t\000i\000o\000n\000\040\000D\000o\000c\000u\000m\000e\000n\000t\000a\000t\000i\000o\000n}{section.8.31}
\BOOKMARK [3][-]{subsubsection.8.31.3.1}{\376\377\000D\000r\000a\000w}{subsection.8.31.3}
\BOOKMARK [3][-]{subsubsection.8.31.3.2}{\376\377\000D\000r\000a\000w\000I\000n\000i\000t\000C\000l\000o\000u\000d}{subsection.8.31.3}
\BOOKMARK [3][-]{subsubsection.8.31.3.3}{\376\377\000W\000e\000i\000g\000h\000t}{subsection.8.31.3}
\BOOKMARK [2][-]{subsection.8.31.4}{\376\377\000M\000e\000m\000b\000e\000r\000\040\000D\000a\000t\000a\000\040\000D\000o\000c\000u\000m\000e\000n\000t\000a\000t\000i\000o\000n}{section.8.31}
\BOOKMARK [3][-]{subsubsection.8.31.4.1}{\376\377\000m\000o\000d\000e\000l}{subsection.8.31.4}
\BOOKMARK [1][-]{section.8.32}{\376\377\000S\000i\000m\000u\000l\000a\000t\000o\000r\000\040\000C\000l\000a\000s\000s\000\040\000R\000e\000f\000e\000r\000e\000n\000c\000e}{chapter.8}
\BOOKMARK [2][-]{subsection.8.32.1}{\376\377\000C\000o\000n\000s\000t\000r\000u\000c\000t\000o\000r\000\040\000\046\000\040\000D\000e\000s\000t\000r\000u\000c\000t\000o\000r\000\040\000D\000o\000c\000u\000m\000e\000n\000t\000a\000t\000i\000o\000n}{section.8.32}
\BOOKMARK [3][-]{subsubsection.8.32.1.1}{\376\377\000S\000i\000m\000u\000l\000a\000t\000o\000r}{subsection.8.32.1}
\BOOKMARK [3][-]{subsubsection.8.32.1.2}{\376\377\000S\000i\000m\000u\000l\000a\000t\000o\000r}{subsection.8.32.1}
\BOOKMARK [2][-]{subsection.8.32.2}{\376\377\000M\000e\000m\000b\000e\000r\000\040\000F\000u\000n\000c\000t\000i\000o\000n\000\040\000D\000o\000c\000u\000m\000e\000n\000t\000a\000t\000i\000o\000n}{section.8.32}
\BOOKMARK [3][-]{subsubsection.8.32.2.1}{\376\377\000\137\000u\000p\000d\000a\000t\000e}{subsection.8.32.2}
\BOOKMARK [3][-]{subsubsection.8.32.2.2}{\376\377\000C\000l\000e\000a\000r}{subsection.8.32.2}
\BOOKMARK [3][-]{subsubsection.8.32.2.3}{\376\377\000D\000r\000a\000w\000\137\000I\000n\000i\000t}{subsection.8.32.2}
\BOOKMARK [3][-]{subsubsection.8.32.2.4}{\376\377\000D\000r\000a\000w\000\137\000O\000b\000s\000e\000r\000v\000a\000t\000i\000o\000n}{subsection.8.32.2}
\BOOKMARK [3][-]{subsubsection.8.32.2.5}{\376\377\000D\000r\000a\000w\000\137\000T\000r\000a\000n\000s\000i\000t\000i\000o\000n}{subsection.8.32.2}
\BOOKMARK [3][-]{subsubsection.8.32.2.6}{\376\377\000O\000b\000s\000e\000r\000v\000a\000t\000i\000o\000n\000\137\000D\000e\000n\000s\000i\000t\000y}{subsection.8.32.2}
\BOOKMARK [3][-]{subsubsection.8.32.2.7}{\376\377\000S\000a\000v\000e\000\137\000X}{subsection.8.32.2}
\BOOKMARK [3][-]{subsubsection.8.32.2.8}{\376\377\000S\000a\000v\000e\000\137\000Y}{subsection.8.32.2}
\BOOKMARK [3][-]{subsubsection.8.32.2.9}{\376\377\000S\000e\000t\000\137\000S\000e\000e\000d}{subsection.8.32.2}
\BOOKMARK [3][-]{subsubsection.8.32.2.10}{\376\377\000S\000i\000m\000u\000l\000a\000t\000e}{subsection.8.32.2}
\BOOKMARK [3][-]{subsubsection.8.32.2.11}{\376\377\000U\000p\000d\000a\000t\000e}{subsection.8.32.2}
\BOOKMARK [2][-]{subsection.8.32.3}{\376\377\000M\000e\000m\000b\000e\000r\000\040\000D\000a\000t\000a\000\040\000D\000o\000c\000u\000m\000e\000n\000t\000a\000t\000i\000o\000n}{section.8.32}
\BOOKMARK [3][-]{subsubsection.8.32.3.1}{\376\377\000b}{subsection.8.32.3}
\BOOKMARK [3][-]{subsubsection.8.32.3.2}{\376\377\000m\000o\000d\000e\000l}{subsection.8.32.3}
\BOOKMARK [3][-]{subsubsection.8.32.3.3}{\376\377\000r}{subsection.8.32.3}
\BOOKMARK [3][-]{subsubsection.8.32.3.4}{\376\377\000X}{subsection.8.32.3}
\BOOKMARK [3][-]{subsubsection.8.32.3.5}{\376\377\000Y}{subsection.8.32.3}
\BOOKMARK [1][-]{section.8.33}{\376\377\000S\000I\000S\000R\000\137\000F\000i\000l\000t\000e\000r\000\040\000C\000l\000a\000s\000s\000\040\000R\000e\000f\000e\000r\000e\000n\000c\000e}{chapter.8}
\BOOKMARK [2][-]{subsection.8.33.1}{\376\377\000C\000o\000n\000s\000t\000r\000u\000c\000t\000o\000r\000\040\000\046\000\040\000D\000e\000s\000t\000r\000u\000c\000t\000o\000r\000\040\000D\000o\000c\000u\000m\000e\000n\000t\000a\000t\000i\000o\000n}{section.8.33}
\BOOKMARK [3][-]{subsubsection.8.33.1.1}{\376\377\000S\000I\000S\000R\000\137\000F\000i\000l\000t\000e\000r}{subsection.8.33.1}
\BOOKMARK [3][-]{subsubsection.8.33.1.2}{\376\377\000S\000I\000S\000R\000\137\000F\000i\000l\000t\000e\000r}{subsection.8.33.1}
\BOOKMARK [3][-]{subsubsection.8.33.1.3}{\376\377\000S\000I\000S\000R\000\137\000F\000i\000l\000t\000e\000r}{subsection.8.33.1}
\BOOKMARK [3][-]{subsubsection.8.33.1.4}{\376\377\000S\000I\000S\000R\000\137\000F\000i\000l\000t\000e\000r}{subsection.8.33.1}
\BOOKMARK [2][-]{subsection.8.33.2}{\376\377\000M\000e\000m\000b\000e\000r\000\040\000F\000u\000n\000c\000t\000i\000o\000n\000\040\000D\000o\000c\000u\000m\000e\000n\000t\000a\000t\000i\000o\000n}{section.8.33}
\BOOKMARK [3][-]{subsubsection.8.33.2.1}{\376\377\000\137\000i\000n\000i\000t}{subsection.8.33.2}
\BOOKMARK [3][-]{subsubsection.8.33.2.2}{\376\377\000\137\000u\000p\000d\000a\000t\000e}{subsection.8.33.2}
\BOOKMARK [3][-]{subsubsection.8.33.2.3}{\376\377\000C\000l\000o\000u\000d\000G\000e\000t}{subsection.8.33.2}
\BOOKMARK [3][-]{subsubsection.8.33.2.4}{\376\377\000E\000x\000p\000e\000c\000t\000e\000d\000\137\000G\000e\000t}{subsection.8.33.2}
\BOOKMARK [3][-]{subsubsection.8.33.2.5}{\376\377\000R\000e\000s\000a\000m\000p\000l\000i\000n\000g}{subsection.8.33.2}
\BOOKMARK [3][-]{subsubsection.8.33.2.6}{\376\377\000S\000e\000t\000R\000c}{subsection.8.33.2}
\BOOKMARK [3][-]{subsubsection.8.33.2.7}{\376\377\000S\000e\000t\000S\000e\000e\000d}{subsection.8.33.2}
\BOOKMARK [2][-]{subsection.8.33.3}{\376\377\000M\000e\000m\000b\000e\000r\000\040\000D\000a\000t\000a\000\040\000D\000o\000c\000u\000m\000e\000n\000t\000a\000t\000i\000o\000n}{section.8.33}
\BOOKMARK [3][-]{subsubsection.8.33.3.1}{\376\377\000c\000l\000o\000u\000d}{subsection.8.33.3}
\BOOKMARK [3][-]{subsubsection.8.33.3.2}{\376\377\000c\000l\000o\000u\000d\000\137\000k\000m\0001}{subsection.8.33.3}
\BOOKMARK [3][-]{subsubsection.8.33.3.3}{\376\377\000N\000b\000S\000a\000m\000p\000l\000e}{subsection.8.33.3}
\BOOKMARK [3][-]{subsubsection.8.33.3.4}{\376\377\000r}{subsection.8.33.3}
\BOOKMARK [3][-]{subsubsection.8.33.3.5}{\376\377\000R\000c}{subsection.8.33.3}
\BOOKMARK [3][-]{subsubsection.8.33.3.6}{\376\377\000s\000e\000e\000d}{subsection.8.33.3}
\BOOKMARK [3][-]{subsubsection.8.33.3.7}{\376\377\000S\000y\000s}{subsection.8.33.3}
\BOOKMARK [1][-]{section.8.34}{\376\377\000S\000R\000K\0004\000\137\000C\000D\000\137\000M\000o\000d\000e\000l\000\040\000C\000l\000a\000s\000s\000\040\000R\000e\000f\000e\000r\000e\000n\000c\000e}{chapter.8}
\BOOKMARK [2][-]{subsection.8.34.1}{\376\377\000D\000e\000t\000a\000i\000l\000e\000d\000\040\000D\000e\000s\000c\000r\000i\000p\000t\000i\000o\000n}{section.8.34}
\BOOKMARK [2][-]{subsection.8.34.2}{\376\377\000C\000o\000n\000s\000t\000r\000u\000c\000t\000o\000r\000\040\000\046\000\040\000D\000e\000s\000t\000r\000u\000c\000t\000o\000r\000\040\000D\000o\000c\000u\000m\000e\000n\000t\000a\000t\000i\000o\000n}{section.8.34}
\BOOKMARK [3][-]{subsubsection.8.34.2.1}{\376\377\000S\000R\000K\0004\000\137\000C\000D\000\137\000M\000o\000d\000e\000l}{subsection.8.34.2}
\BOOKMARK [3][-]{subsubsection.8.34.2.2}{\376\377\000S\000R\000K\0004\000\137\000C\000D\000\137\000M\000o\000d\000e\000l}{subsection.8.34.2}
\BOOKMARK [2][-]{subsection.8.34.3}{\376\377\000M\000e\000m\000b\000e\000r\000\040\000F\000u\000n\000c\000t\000i\000o\000n\000\040\000D\000o\000c\000u\000m\000e\000n\000t\000a\000t\000i\000o\000n}{section.8.34}
\BOOKMARK [3][-]{subsubsection.8.34.3.1}{\376\377\000G\000e\000t\000\137\000L\000i\000n\000e\000a\000r\000\137\000S\000c\000h\000e\000m\000e}{subsection.8.34.3}
\BOOKMARK [3][-]{subsubsection.8.34.3.2}{\376\377\000J\000w\000\137\000S\000c\000h\000e\000m\000e}{subsection.8.34.3}
\BOOKMARK [3][-]{subsubsection.8.34.3.3}{\376\377\000J\000x\000\137\000S\000c\000h\000e\000m\000e}{subsection.8.34.3}
\BOOKMARK [3][-]{subsubsection.8.34.3.4}{\376\377\000S\000c\000h\000e\000m\000e}{subsection.8.34.3}
\BOOKMARK [1][-]{section.8.35}{\376\377\000T\000H\000G\000L\000\137\000F\000i\000l\000t\000e\000r\000\040\000C\000l\000a\000s\000s\000\040\000R\000e\000f\000e\000r\000e\000n\000c\000e}{chapter.8}
\BOOKMARK [2][-]{subsection.8.35.1}{\376\377\000C\000o\000n\000s\000t\000r\000u\000c\000t\000o\000r\000\040\000\046\000\040\000D\000e\000s\000t\000r\000u\000c\000t\000o\000r\000\040\000D\000o\000c\000u\000m\000e\000n\000t\000a\000t\000i\000o\000n}{section.8.35}
\BOOKMARK [3][-]{subsubsection.8.35.1.1}{\376\377\000T\000H\000G\000L\000\137\000F\000i\000l\000t\000e\000r}{subsection.8.35.1}
\BOOKMARK [3][-]{subsubsection.8.35.1.2}{\376\377\000T\000H\000G\000L\000\137\000F\000i\000l\000t\000e\000r}{subsection.8.35.1}
\BOOKMARK [2][-]{subsection.8.35.2}{\376\377\000M\000e\000m\000b\000e\000r\000\040\000F\000u\000n\000c\000t\000i\000o\000n\000\040\000D\000o\000c\000u\000m\000e\000n\000t\000a\000t\000i\000o\000n}{section.8.35}
\BOOKMARK [3][-]{subsubsection.8.35.2.1}{\376\377\000\137\000u\000p\000d\000a\000t\000e}{subsection.8.35.2}
\BOOKMARK [1][-]{section.8.36}{\376\377\000U\000n\000s\000c\000e\000n\000t\000e\000d\000\137\000K\000a\000l\000m\000a\000n\000\137\000F\000i\000l\000t\000e\000r\000\040\000C\000l\000a\000s\000s\000\040\000R\000e\000f\000e\000r\000e\000n\000c\000e}{chapter.8}
\BOOKMARK [2][-]{subsection.8.36.1}{\376\377\000D\000e\000t\000a\000i\000l\000e\000d\000\040\000D\000e\000s\000c\000r\000i\000p\000t\000i\000o\000n}{section.8.36}
\BOOKMARK [2][-]{subsection.8.36.2}{\376\377\000C\000o\000n\000s\000t\000r\000u\000c\000t\000o\000r\000\040\000\046\000\040\000D\000e\000s\000t\000r\000u\000c\000t\000o\000r\000\040\000D\000o\000c\000u\000m\000e\000n\000t\000a\000t\000i\000o\000n}{section.8.36}
\BOOKMARK [3][-]{subsubsection.8.36.2.1}{\376\377\000U\000n\000s\000c\000e\000n\000t\000e\000d\000\137\000K\000a\000l\000m\000a\000n\000\137\000F\000i\000l\000t\000e\000r}{subsection.8.36.2}
\BOOKMARK [3][-]{subsubsection.8.36.2.2}{\376\377\000U\000n\000s\000c\000e\000n\000t\000e\000d\000\137\000K\000a\000l\000m\000a\000n\000\137\000F\000i\000l\000t\000e\000r}{subsection.8.36.2}
\BOOKMARK [2][-]{subsection.8.36.3}{\376\377\000M\000e\000m\000b\000e\000r\000\040\000F\000u\000n\000c\000t\000i\000o\000n\000\040\000D\000o\000c\000u\000m\000e\000n\000t\000a\000t\000i\000o\000n}{section.8.36}
\BOOKMARK [3][-]{subsubsection.8.36.3.1}{\376\377\000\137\000i\000n\000i\000t}{subsection.8.36.3}
\BOOKMARK [3][-]{subsubsection.8.36.3.2}{\376\377\000\137\000u\000p\000d\000a\000t\000e}{subsection.8.36.3}
\BOOKMARK [3][-]{subsubsection.8.36.3.3}{\376\377\000S\000P\000\137\000I\000n\000i\000t}{subsection.8.36.3}
\BOOKMARK [3][-]{subsubsection.8.36.3.4}{\376\377\000U\000\137\000C\000o\000v}{subsection.8.36.3}
\BOOKMARK [3][-]{subsubsection.8.36.3.5}{\376\377\000U\000\137\000M\000e\000a\000n}{subsection.8.36.3}
\BOOKMARK [2][-]{subsection.8.36.4}{\376\377\000M\000e\000m\000b\000e\000r\000\040\000D\000a\000t\000a\000\040\000D\000o\000c\000u\000m\000e\000n\000t\000a\000t\000i\000o\000n}{section.8.36}
\BOOKMARK [3][-]{subsubsection.8.36.4.1}{\376\377\000l\000a\000m\000b\000d\000a}{subsection.8.36.4}
\BOOKMARK [3][-]{subsubsection.8.36.4.2}{\376\377\000s\000q\000r\000t\000\137\000Q\000v}{subsection.8.36.4}
\BOOKMARK [3][-]{subsubsection.8.36.4.3}{\376\377\000s\000q\000r\000t\000\137\000Q\000w}{subsection.8.36.4}
\BOOKMARK [3][-]{subsubsection.8.36.4.4}{\376\377\000s\000W}{subsection.8.36.4}
\BOOKMARK [3][-]{subsubsection.8.36.4.5}{\376\377\000s\000X}{subsection.8.36.4}
\BOOKMARK [3][-]{subsubsection.8.36.4.6}{\376\377\000s\000Y}{subsection.8.36.4}
\BOOKMARK [3][-]{subsubsection.8.36.4.7}{\376\377\000w}{subsection.8.36.4}
\BOOKMARK [3][-]{subsubsection.8.36.4.8}{\376\377\000w\000\137\0000}{subsection.8.36.4}
\BOOKMARK [3][-]{subsubsection.8.36.4.9}{\376\377\000w\000\137\0000\000c}{subsection.8.36.4}
\BOOKMARK [1][-]{section.8.37}{\376\377\000W\000e\000i\000g\000h\000t\000e\000d\000\137\000S\000a\000m\000p\000l\000e\000\040\000C\000l\000a\000s\000s\000\040\000R\000e\000f\000e\000r\000e\000n\000c\000e}{chapter.8}
\BOOKMARK [2][-]{subsection.8.37.1}{\376\377\000M\000e\000m\000b\000e\000r\000\040\000D\000a\000t\000a\000\040\000D\000o\000c\000u\000m\000e\000n\000t\000a\000t\000i\000o\000n}{section.8.37}
\BOOKMARK [3][-]{subsubsection.8.37.1.1}{\376\377\000V\000a\000l\000u\000e}{subsection.8.37.1}
\BOOKMARK [3][-]{subsubsection.8.37.1.2}{\376\377\000W\000e\000i\000g\000h\000t}{subsection.8.37.1}
